#
# There is insufficient memory for the Java Runtime Environment to continue.
# Native memory allocation (malloc) failed to allocate 657872 bytes for Chunk::new
# Possible reasons:
#   The system is out of physical RAM or swap space
#   The process is running with CompressedOops enabled, and the Java Heap may be blocking the growth of the native heap
# Possible solutions:
#   Reduce memory load on the system
#   Increase physical memory or swap space
#   Check if swap backing store is full
#   Decrease Java heap size (-Xmx/-Xms)
#   Decrease number of Java threads
#   Decrease Java thread stack sizes (-Xss)
#   Set larger code cache with -XX:ReservedCodeCacheSize=
#   JVM is running with Unscaled Compressed Oops mode in which the Java heap is
#     placed in the first 4GB address space. The Java Heap base address is the
#     maximum limit for the native heap growth. Please use -XX:HeapBaseMinAddress
#     to set the Java Heap base and to place the Java Heap above 4GB virtual address.
# This output file may be truncated or incomplete.
#
#  Out of Memory Error (./src/hotspot/share/memory/arena.cpp:197), pid=25584, tid=24804
#
# JRE version: OpenJDK Runtime Environment (11.0.12+7) (build 11.0.12+7-b1504.28-7817840)
# Java VM: OpenJDK 64-Bit Server VM (11.0.12+7-b1504.28-7817840, mixed mode, tiered, compressed oops, g1 gc, windows-amd64)
# No core dump will be written. Minidumps are not enabled by default on client versions of Windows
#

---------------  S U M M A R Y ------------

Command Line: --add-opens=java.base/java.util=ALL-UNNAMED --add-opens=java.base/java.lang=ALL-UNNAMED --add-opens=java.base/java.lang.invoke=ALL-UNNAMED --add-opens=java.base/java.util=ALL-UNNAMED --add-opens=java.prefs/java.util.prefs=ALL-UNNAMED --add-opens=java.prefs/java.util.prefs=ALL-UNNAMED --add-opens=java.base/java.nio.charset=ALL-UNNAMED --add-opens=java.base/java.net=ALL-UNNAMED --add-opens=java.base/java.util.concurrent.atomic=ALL-UNNAMED -Xmx2048m -Dfile.encoding=UTF-8 -Duser.country=CN -Duser.language=zh -Duser.variant org.gradle.launcher.daemon.bootstrap.GradleDaemon 7.3.3

Host: Intel(R) Core(TM) i5-8265U CPU @ 1.60GHz, 8 cores, 7G,  Windows 10 , 64 bit Build 19041 (10.0.19041.1889)
Time: Fri Aug 19 09:34:35 2022 中国标准时间 elapsed time: 19.514307 seconds (0d 0h 0m 19s)

---------------  T H R E A D  ---------------

Current thread (0x000001d923037800):  JavaThread "C2 CompilerThread1" daemon [_thread_in_native, id=24804, stack(0x00000006e5c00000,0x00000006e5d00000)]


Current CompileTask:
C2:  19514 11024       4       com.android.tools.r8.code.y1::a (4129 bytes)

Stack: [0x00000006e5c00000,0x00000006e5d00000]
Native frames: (J=compiled Java code, j=interpreted, Vv=VM code, C=native code)
V  [jvm.dll+0x5fbcea]
V  [jvm.dll+0x731905]
V  [jvm.dll+0x732f1d]
V  [jvm.dll+0x7335d3]
V  [jvm.dll+0x247bf8]
V  [jvm.dll+0xc018c]
V  [jvm.dll+0xc06cc]
V  [jvm.dll+0x1ffe21]
V  [jvm.dll+0x592ec5]
V  [jvm.dll+0x591c6e]
V  [jvm.dll+0x2004a2]
V  [jvm.dll+0x1ff794]
V  [jvm.dll+0x18868c]
V  [jvm.dll+0x20e0d7]
V  [jvm.dll+0x20c901]
V  [jvm.dll+0x6f9b7f]
V  [jvm.dll+0x6f26a5]
V  [jvm.dll+0x5fabf6]
C  [ucrtbase.dll+0x21bb2]
C  [KERNEL32.DLL+0x17034]
C  [ntdll.dll+0x52651]


---------------  P R O C E S S  ---------------

Threads class SMR info:
_java_thread_list=0x000001d92406fb00, length=152, elements={
0x000001d905b61000, 0x000001d91fff6800, 0x000001d920000000, 0x000001d9208e3800,
0x000001d9208e4800, 0x000001d9208e6000, 0x000001d920023000, 0x000001d920027000,
0x000001d920028800, 0x000001d920a47800, 0x000001d921880800, 0x000001d922e25000,
0x000001d922e21000, 0x000001d922e24000, 0x000001d922e20000, 0x000001d922e26800,
0x000001d922e26000, 0x000001d922e21800, 0x000001d922e22800, 0x000001d922e23800,
0x000001d9236e4000, 0x000001d9236e7800, 0x000001d9236e9000, 0x000001d9236e5000,
0x000001d9236e6800, 0x000001d9236e8000, 0x000001d9236e3000, 0x000001d9236e9800,
0x000001d9236eb800, 0x000001d9236ea800, 0x000001d9236f2000, 0x000001d9236ef800,
0x000001d9236ed000, 0x000001d926329000, 0x000001d926329800, 0x000001d92632e800,
0x000001d92632f800, 0x000001d926330000, 0x000001d92632a800, 0x000001d926331000,
0x000001d92632b000, 0x000001d926332000, 0x000001d92632c000, 0x000001d926332800,
0x000001d92632d000, 0x000001d926334000, 0x000001d926336800, 0x000001d926333800,
0x000001d926335000, 0x000001d926337800, 0x000001d926336000, 0x000001d922b1d000,
0x000001d922b19800, 0x000001d922b1b800, 0x000001d922b1e800, 0x000001d922b1c000,
0x000001d922b1e000, 0x000001d922b20000, 0x000001d922b1f800, 0x000001d922b1a800,
0x000001d922b24800, 0x000001d922b22800, 0x000001d922b21000, 0x000001d922b23800,
0x000001d922b25000, 0x000001d922b27800, 0x000001d922b26000, 0x000001d922b26800,
0x000001d922b22000, 0x000001d922b28800, 0x000001d926236800, 0x000001d92623b000,
0x000001d926235000, 0x000001d92623b800, 0x000001d926236000, 0x000001d926239000,
0x000001d92623c800, 0x000001d92623a000, 0x000001d92623d000, 0x000001d926237800,
0x000001d92623e000, 0x000001d926238800, 0x000001d92623f000, 0x000001d926241800,
0x000001d926240800, 0x000001d92623f800, 0x000001d926242000, 0x000001d926243800,
0x000001d926243000, 0x000001d92104c800, 0x000001d92104a800, 0x000001d92104b800,
0x000001d92104a000, 0x000001d921049000, 0x000001d921046800, 0x000001d92104d000,
0x000001d921047800, 0x000001d92104e000, 0x000001d921048000, 0x000001d921051000,
0x000001d921053000, 0x000001d921050800, 0x000001d921052000, 0x000001d92104f800,
0x000001d92104e800, 0x000001d921053800, 0x000001d921054800, 0x000001d921055000,
0x000001d926310000, 0x000001d92630b800, 0x000001d92630b000, 0x000001d92630e000,
0x000001d92630c800, 0x000001d92630d800, 0x000001d92630a000, 0x000001d926314000,
0x000001d926311800, 0x000001d926310800, 0x000001d926312800, 0x000001d926313000,
0x000001d926314800, 0x000001d92630f000, 0x000001d926316800, 0x000001d926319000,
0x000001d926315800, 0x000001d926317000, 0x000001d926318000, 0x000001d92303a000,
0x000001d923036800, 0x000001d92303b800, 0x000001d92303a800, 0x000001d923038000,
0x000001d923037800, 0x000001d923039000, 0x000001d923036000, 0x000001d92303d000,
0x000001d92303c800, 0x000001d92303f000, 0x000001d923040800, 0x000001d923041000,
0x000001d923042000, 0x000001d923043800, 0x000001d923043000, 0x000001d92303e000,
0x000001d923044800, 0x000001d92303f800, 0x000001d928365800, 0x000001d928362800,
0x000001d928366800, 0x000001d928367000, 0x000001d928368000, 0x000001d928364800
}

Java Threads: ( => current thread )
  0x000001d905b61000 JavaThread "main" [_thread_blocked, id=22476, stack(0x00000006dc900000,0x00000006dca00000)]
  0x000001d91fff6800 JavaThread "Reference Handler" daemon [_thread_blocked, id=24008, stack(0x00000006dd000000,0x00000006dd100000)]
  0x000001d920000000 JavaThread "Finalizer" daemon [_thread_blocked, id=19944, stack(0x00000006dd100000,0x00000006dd200000)]
  0x000001d9208e3800 JavaThread "Signal Dispatcher" daemon [_thread_blocked, id=25192, stack(0x00000006dd200000,0x00000006dd300000)]
  0x000001d9208e4800 JavaThread "Attach Listener" daemon [_thread_blocked, id=28540, stack(0x00000006dd300000,0x00000006dd400000)]
  0x000001d9208e6000 JavaThread "Service Thread" daemon [_thread_blocked, id=28460, stack(0x00000006dd400000,0x00000006dd500000)]
  0x000001d920023000 JavaThread "C2 CompilerThread0" daemon [_thread_in_native, id=1912, stack(0x00000006dd500000,0x00000006dd600000)]
  0x000001d920027000 JavaThread "C1 CompilerThread0" daemon [_thread_blocked, id=11680, stack(0x00000006dd600000,0x00000006dd700000)]
  0x000001d920028800 JavaThread "Sweeper thread" daemon [_thread_blocked, id=1396, stack(0x00000006dd700000,0x00000006dd800000)]
  0x000001d920a47800 JavaThread "Common-Cleaner" daemon [_thread_blocked, id=29636, stack(0x00000006dd800000,0x00000006dd900000)]
  0x000001d921880800 JavaThread "Daemon health stats" [_thread_blocked, id=10876, stack(0x00000006ddd00000,0x00000006dde00000)]
  0x000001d922e25000 JavaThread "Incoming local TCP Connector on port 53569" [_thread_in_native, id=9628, stack(0x00000006dda00000,0x00000006ddb00000)]
  0x000001d922e21000 JavaThread "Daemon periodic checks" [_thread_blocked, id=25288, stack(0x00000006dde00000,0x00000006ddf00000)]
  0x000001d922e24000 JavaThread "Daemon" [_thread_blocked, id=21296, stack(0x00000006ddf00000,0x00000006de000000)]
  0x000001d922e20000 JavaThread "Handler for socket connection from /127.0.0.1:53569 to /127.0.0.1:53570" [_thread_in_native, id=26056, stack(0x00000006de000000,0x00000006de100000)]
  0x000001d922e26800 JavaThread "Cancel handler" [_thread_blocked, id=22208, stack(0x00000006de100000,0x00000006de200000)]
  0x000001d922e26000 JavaThread "Daemon worker" [_thread_blocked, id=22908, stack(0x00000006de200000,0x00000006de300000)]
  0x000001d922e21800 JavaThread "Asynchronous log dispatcher for DefaultDaemonConnection: socket connection from /127.0.0.1:53569 to /127.0.0.1:53570" [_thread_blocked, id=3892, stack(0x00000006de300000,0x00000006de400000)]
  0x000001d922e22800 JavaThread "Stdin handler" [_thread_blocked, id=25080, stack(0x00000006de400000,0x00000006de500000)]
  0x000001d922e23800 JavaThread "Daemon client event forwarder" [_thread_blocked, id=16204, stack(0x00000006de500000,0x00000006de600000)]
  0x000001d9236e4000 JavaThread "Cache worker for journal cache (C:\Users\karlieswift\.gradle\caches\journal-1)" [_thread_blocked, id=6748, stack(0x00000006deb00000,0x00000006dec00000)]
  0x000001d9236e7800 JavaThread "File lock request listener" [_thread_in_native, id=8080, stack(0x00000006dec00000,0x00000006ded00000)]
  0x000001d9236e9000 JavaThread "Cache worker for file hash cache (C:\Users\karlieswift\.gradle\caches\7.3.3\fileHashes)" [_thread_blocked, id=16816, stack(0x00000006ded00000,0x00000006dee00000)]
  0x000001d9236e5000 JavaThread "Cache worker for file hash cache (C:\Users\karlieswift\AndroidStudioProjects\shopping\.gradle\7.3.3\fileHashes)" [_thread_blocked, id=26996, stack(0x00000006df000000,0x00000006df100000)]
  0x000001d9236e6800 JavaThread "File watcher server" daemon [_thread_in_native, id=15724, stack(0x00000006df100000,0x00000006df200000)]
  0x000001d9236e8000 JavaThread "File watcher consumer" daemon [_thread_blocked, id=17660, stack(0x00000006df200000,0x00000006df300000)]
  0x000001d9236e3000 JavaThread "Cache worker for checksums cache (C:\Users\karlieswift\AndroidStudioProjects\shopping\.gradle\7.3.3\checksums)" [_thread_blocked, id=12768, stack(0x00000006df300000,0x00000006df400000)]
  0x000001d9236e9800 JavaThread "Cache worker for cache directory md-supplier (C:\Users\karlieswift\.gradle\caches\7.3.3\md-supplier)" [_thread_blocked, id=23648, stack(0x00000006df400000,0x00000006df500000)]
  0x000001d9236eb800 JavaThread "Cache worker for cache directory md-rule (C:\Users\karlieswift\.gradle\caches\7.3.3\md-rule)" [_thread_blocked, id=17924, stack(0x00000006df500000,0x00000006df600000)]
  0x000001d9236ea800 JavaThread "Cache worker for execution history cache (C:\Users\karlieswift\.gradle\caches\7.3.3\executionHistory)" [_thread_blocked, id=22228, stack(0x00000006df600000,0x00000006df700000)]
  0x000001d9236f2000 JavaThread "jar transforms" [_thread_blocked, id=12520, stack(0x00000006df700000,0x00000006df800000)]
  0x000001d9236ef800 JavaThread "Cache worker for file content cache (C:\Users\karlieswift\.gradle\caches\7.3.3\fileContent)" [_thread_blocked, id=27708, stack(0x00000006df800000,0x00000006df900000)]
  0x000001d9236ed000 JavaThread "jar transforms Thread 2" [_thread_blocked, id=19692, stack(0x00000006df900000,0x00000006dfa00000)]
  0x000001d926329000 JavaThread "Cache worker for dependencies-accessors (C:\Users\karlieswift\AndroidStudioProjects\shopping\.gradle\7.3.3\dependencies-accessors)" [_thread_blocked, id=12508, stack(0x00000006dfa00000,0x00000006dfb00000)]
  0x000001d926329800 JavaThread "jar transforms Thread 3" [_thread_blocked, id=18112, stack(0x00000006dfb00000,0x00000006dfc00000)]
  0x000001d92632e800 JavaThread "Cache worker for Build Output Cleanup Cache (C:\Users\karlieswift\AndroidStudioProjects\shopping\.gradle\buildOutputCleanup)" [_thread_blocked, id=10572, stack(0x00000006def00000,0x00000006df000000)]
  0x000001d92632f800 JavaThread "Unconstrained build operations" [_thread_blocked, id=9848, stack(0x00000006dfc00000,0x00000006dfd00000)]
  0x000001d926330000 JavaThread "Unconstrained build operations Thread 2" [_thread_blocked, id=16800, stack(0x00000006dfd00000,0x00000006dfe00000)]
  0x000001d92632a800 JavaThread "Unconstrained build operations Thread 3" [_thread_blocked, id=3172, stack(0x00000006dfe00000,0x00000006dff00000)]
  0x000001d926331000 JavaThread "Unconstrained build operations Thread 4" [_thread_blocked, id=3784, stack(0x00000006dff00000,0x00000006e0000000)]
  0x000001d92632b000 JavaThread "Unconstrained build operations Thread 5" [_thread_blocked, id=4392, stack(0x00000006e0000000,0x00000006e0100000)]
  0x000001d926332000 JavaThread "Unconstrained build operations Thread 6" [_thread_blocked, id=27660, stack(0x00000006e0100000,0x00000006e0200000)]
  0x000001d92632c000 JavaThread "Unconstrained build operations Thread 7" [_thread_blocked, id=14960, stack(0x00000006e0200000,0x00000006e0300000)]
  0x000001d926332800 JavaThread "Unconstrained build operations Thread 8" [_thread_blocked, id=21428, stack(0x00000006e0300000,0x00000006e0400000)]
  0x000001d92632d000 JavaThread "Unconstrained build operations Thread 9" [_thread_blocked, id=27900, stack(0x00000006e0400000,0x00000006e0500000)]
  0x000001d926334000 JavaThread "Unconstrained build operations Thread 10" [_thread_blocked, id=25372, stack(0x00000006e0500000,0x00000006e0600000)]
  0x000001d926336800 JavaThread "Unconstrained build operations Thread 11" [_thread_blocked, id=19344, stack(0x00000006e0600000,0x00000006e0700000)]
  0x000001d926333800 JavaThread "Unconstrained build operations Thread 12" [_thread_blocked, id=25620, stack(0x00000006e0700000,0x00000006e0800000)]
  0x000001d926335000 JavaThread "Unconstrained build operations Thread 13" [_thread_blocked, id=568, stack(0x00000006e0800000,0x00000006e0900000)]
  0x000001d926337800 JavaThread "Unconstrained build operations Thread 14" [_thread_blocked, id=12468, stack(0x00000006e0900000,0x00000006e0a00000)]
  0x000001d926336000 JavaThread "Unconstrained build operations Thread 15" [_thread_blocked, id=20752, stack(0x00000006e0a00000,0x00000006e0b00000)]
  0x000001d922b1d000 JavaThread "Unconstrained build operations Thread 16" [_thread_blocked, id=22200, stack(0x00000006e0b00000,0x00000006e0c00000)]
  0x000001d922b19800 JavaThread "Unconstrained build operations Thread 17" [_thread_blocked, id=15308, stack(0x00000006e0c00000,0x00000006e0d00000)]
  0x000001d922b1b800 JavaThread "Unconstrained build operations Thread 18" [_thread_blocked, id=29160, stack(0x00000006e0d00000,0x00000006e0e00000)]
  0x000001d922b1e800 JavaThread "Unconstrained build operations Thread 19" [_thread_blocked, id=22684, stack(0x00000006e0e00000,0x00000006e0f00000)]
  0x000001d922b1c000 JavaThread "Unconstrained build operations Thread 20" [_thread_blocked, id=26752, stack(0x00000006e0f00000,0x00000006e1000000)]
  0x000001d922b1e000 JavaThread "Unconstrained build operations Thread 21" [_thread_blocked, id=19180, stack(0x00000006e1000000,0x00000006e1100000)]
  0x000001d922b20000 JavaThread "Unconstrained build operations Thread 22" [_thread_blocked, id=24588, stack(0x00000006e1100000,0x00000006e1200000)]
  0x000001d922b1f800 JavaThread "Unconstrained build operations Thread 23" [_thread_blocked, id=22104, stack(0x00000006e1200000,0x00000006e1300000)]
  0x000001d922b1a800 JavaThread "Unconstrained build operations Thread 24" [_thread_blocked, id=17292, stack(0x00000006e1300000,0x00000006e1400000)]
  0x000001d922b24800 JavaThread "Unconstrained build operations Thread 25" [_thread_blocked, id=29452, stack(0x00000006e1400000,0x00000006e1500000)]
  0x000001d922b22800 JavaThread "Unconstrained build operations Thread 26" [_thread_blocked, id=14596, stack(0x00000006e1500000,0x00000006e1600000)]
  0x000001d922b21000 JavaThread "Unconstrained build operations Thread 27" [_thread_blocked, id=26456, stack(0x00000006e1600000,0x00000006e1700000)]
  0x000001d922b23800 JavaThread "Unconstrained build operations Thread 28" [_thread_blocked, id=27896, stack(0x00000006e1700000,0x00000006e1800000)]
  0x000001d922b25000 JavaThread "Unconstrained build operations Thread 29" [_thread_blocked, id=2972, stack(0x00000006e1800000,0x00000006e1900000)]
  0x000001d922b27800 JavaThread "Unconstrained build operations Thread 30" [_thread_blocked, id=2988, stack(0x00000006e1900000,0x00000006e1a00000)]
  0x000001d922b26000 JavaThread "Unconstrained build operations Thread 31" [_thread_blocked, id=22308, stack(0x00000006e1a00000,0x00000006e1b00000)]
  0x000001d922b26800 JavaThread "Unconstrained build operations Thread 32" [_thread_blocked, id=15636, stack(0x00000006e1b00000,0x00000006e1c00000)]
  0x000001d922b22000 JavaThread "Unconstrained build operations Thread 33" [_thread_blocked, id=19132, stack(0x00000006e1c00000,0x00000006e1d00000)]
  0x000001d922b28800 JavaThread "Unconstrained build operations Thread 34" [_thread_blocked, id=21248, stack(0x00000006e1d00000,0x00000006e1e00000)]
  0x000001d926236800 JavaThread "Unconstrained build operations Thread 35" [_thread_blocked, id=27576, stack(0x00000006e1e00000,0x00000006e1f00000)]
  0x000001d92623b000 JavaThread "Unconstrained build operations Thread 36" [_thread_blocked, id=15052, stack(0x00000006e1f00000,0x00000006e2000000)]
  0x000001d926235000 JavaThread "Unconstrained build operations Thread 37" [_thread_blocked, id=22084, stack(0x00000006e2000000,0x00000006e2100000)]
  0x000001d92623b800 JavaThread "Unconstrained build operations Thread 38" [_thread_blocked, id=21276, stack(0x00000006e2100000,0x00000006e2200000)]
  0x000001d926236000 JavaThread "Unconstrained build operations Thread 39" [_thread_blocked, id=24452, stack(0x00000006e2200000,0x00000006e2300000)]
  0x000001d926239000 JavaThread "Unconstrained build operations Thread 40" [_thread_blocked, id=10664, stack(0x00000006e2300000,0x00000006e2400000)]
  0x000001d92623c800 JavaThread "Unconstrained build operations Thread 41" [_thread_blocked, id=28816, stack(0x00000006e2400000,0x00000006e2500000)]
  0x000001d92623a000 JavaThread "Unconstrained build operations Thread 42" [_thread_blocked, id=22488, stack(0x00000006e2500000,0x00000006e2600000)]
  0x000001d92623d000 JavaThread "Unconstrained build operations Thread 43" [_thread_blocked, id=15712, stack(0x00000006e2600000,0x00000006e2700000)]
  0x000001d926237800 JavaThread "Unconstrained build operations Thread 44" [_thread_blocked, id=22844, stack(0x00000006e2700000,0x00000006e2800000)]
  0x000001d92623e000 JavaThread "Unconstrained build operations Thread 45" [_thread_blocked, id=16228, stack(0x00000006e2800000,0x00000006e2900000)]
  0x000001d926238800 JavaThread "Unconstrained build operations Thread 46" [_thread_blocked, id=27768, stack(0x00000006e2900000,0x00000006e2a00000)]
  0x000001d92623f000 JavaThread "Unconstrained build operations Thread 47" [_thread_blocked, id=17952, stack(0x00000006e2a00000,0x00000006e2b00000)]
  0x000001d926241800 JavaThread "Unconstrained build operations Thread 48" [_thread_blocked, id=18372, stack(0x00000006e2b00000,0x00000006e2c00000)]
  0x000001d926240800 JavaThread "Unconstrained build operations Thread 49" [_thread_blocked, id=7760, stack(0x00000006e2c00000,0x00000006e2d00000)]
  0x000001d92623f800 JavaThread "Unconstrained build operations Thread 50" [_thread_blocked, id=26380, stack(0x00000006e2d00000,0x00000006e2e00000)]
  0x000001d926242000 JavaThread "Unconstrained build operations Thread 51" [_thread_blocked, id=22664, stack(0x00000006e2e00000,0x00000006e2f00000)]
  0x000001d926243800 JavaThread "Unconstrained build operations Thread 52" [_thread_blocked, id=6276, stack(0x00000006e2f00000,0x00000006e3000000)]
  0x000001d926243000 JavaThread "Unconstrained build operations Thread 53" [_thread_blocked, id=22972, stack(0x00000006e3000000,0x00000006e3100000)]
  0x000001d92104c800 JavaThread "Unconstrained build operations Thread 54" [_thread_blocked, id=14448, stack(0x00000006e3100000,0x00000006e3200000)]
  0x000001d92104a800 JavaThread "Unconstrained build operations Thread 55" [_thread_blocked, id=27972, stack(0x00000006e3200000,0x00000006e3300000)]
  0x000001d92104b800 JavaThread "Unconstrained build operations Thread 56" [_thread_blocked, id=26236, stack(0x00000006e3300000,0x00000006e3400000)]
  0x000001d92104a000 JavaThread "Unconstrained build operations Thread 57" [_thread_blocked, id=24536, stack(0x00000006e3400000,0x00000006e3500000)]
  0x000001d921049000 JavaThread "Unconstrained build operations Thread 58" [_thread_blocked, id=1704, stack(0x00000006e3500000,0x00000006e3600000)]
  0x000001d921046800 JavaThread "Unconstrained build operations Thread 59" [_thread_blocked, id=23488, stack(0x00000006e3600000,0x00000006e3700000)]
  0x000001d92104d000 JavaThread "Unconstrained build operations Thread 60" [_thread_blocked, id=16904, stack(0x00000006e3700000,0x00000006e3800000)]
  0x000001d921047800 JavaThread "Unconstrained build operations Thread 61" [_thread_blocked, id=20636, stack(0x00000006e3800000,0x00000006e3900000)]
  0x000001d92104e000 JavaThread "Unconstrained build operations Thread 62" [_thread_blocked, id=21704, stack(0x00000006e3900000,0x00000006e3a00000)]
  0x000001d921048000 JavaThread "Unconstrained build operations Thread 63" [_thread_blocked, id=21476, stack(0x00000006e3a00000,0x00000006e3b00000)]
  0x000001d921051000 JavaThread "Unconstrained build operations Thread 64" [_thread_blocked, id=26472, stack(0x00000006e3b00000,0x00000006e3c00000)]
  0x000001d921053000 JavaThread "Unconstrained build operations Thread 65" [_thread_blocked, id=4328, stack(0x00000006e3c00000,0x00000006e3d00000)]
  0x000001d921050800 JavaThread "Unconstrained build operations Thread 66" [_thread_blocked, id=17532, stack(0x00000006e3d00000,0x00000006e3e00000)]
  0x000001d921052000 JavaThread "Unconstrained build operations Thread 67" [_thread_blocked, id=27128, stack(0x00000006e3e00000,0x00000006e3f00000)]
  0x000001d92104f800 JavaThread "Unconstrained build operations Thread 68" [_thread_blocked, id=25448, stack(0x00000006e3f00000,0x00000006e4000000)]
  0x000001d92104e800 JavaThread "Unconstrained build operations Thread 69" [_thread_blocked, id=23976, stack(0x00000006e4000000,0x00000006e4100000)]
  0x000001d921053800 JavaThread "Unconstrained build operations Thread 70" [_thread_blocked, id=25396, stack(0x00000006e4100000,0x00000006e4200000)]
  0x000001d921054800 JavaThread "Unconstrained build operations Thread 71" [_thread_blocked, id=17208, stack(0x00000006e4200000,0x00000006e4300000)]
  0x000001d921055000 JavaThread "Unconstrained build operations Thread 72" [_thread_blocked, id=19696, stack(0x00000006e4300000,0x00000006e4400000)]
  0x000001d926310000 JavaThread "Unconstrained build operations Thread 73" [_thread_blocked, id=13920, stack(0x00000006e4400000,0x00000006e4500000)]
  0x000001d92630b800 JavaThread "Unconstrained build operations Thread 74" [_thread_blocked, id=26240, stack(0x00000006e4500000,0x00000006e4600000)]
  0x000001d92630b000 JavaThread "Unconstrained build operations Thread 75" [_thread_blocked, id=22900, stack(0x00000006e4600000,0x00000006e4700000)]
  0x000001d92630e000 JavaThread "Unconstrained build operations Thread 76" [_thread_blocked, id=1192, stack(0x00000006e4700000,0x00000006e4800000)]
  0x000001d92630c800 JavaThread "Unconstrained build operations Thread 77" [_thread_blocked, id=3216, stack(0x00000006e4800000,0x00000006e4900000)]
  0x000001d92630d800 JavaThread "Unconstrained build operations Thread 78" [_thread_blocked, id=24196, stack(0x00000006e4900000,0x00000006e4a00000)]
  0x000001d92630a000 JavaThread "Unconstrained build operations Thread 79" [_thread_blocked, id=29288, stack(0x00000006e4a00000,0x00000006e4b00000)]
  0x000001d926314000 JavaThread "Unconstrained build operations Thread 80" [_thread_blocked, id=13372, stack(0x00000006e4b00000,0x00000006e4c00000)]
  0x000001d926311800 JavaThread "jar transforms Thread 4" [_thread_blocked, id=23848, stack(0x00000006e4c00000,0x00000006e4d00000)]
  0x000001d926310800 JavaThread "jar transforms Thread 5" [_thread_blocked, id=28952, stack(0x00000006e4d00000,0x00000006e4e00000)]
  0x000001d926312800 JavaThread "jar transforms Thread 6" [_thread_blocked, id=24660, stack(0x00000006e4e00000,0x00000006e4f00000)]
  0x000001d926313000 JavaThread "jar transforms Thread 7" [_thread_blocked, id=23592, stack(0x00000006e4f00000,0x00000006e5000000)]
  0x000001d926314800 JavaThread "jar transforms Thread 8" [_thread_blocked, id=4036, stack(0x00000006e5000000,0x00000006e5100000)]
  0x000001d92630f000 JavaThread "Memory manager" [_thread_blocked, id=18676, stack(0x00000006e5100000,0x00000006e5200000)]
  0x000001d926316800 JavaThread "build event listener" [_thread_blocked, id=10404, stack(0x00000006e5200000,0x00000006e5300000)]
  0x000001d926319000 JavaThread "Execution worker for ':'" [_thread_blocked, id=10456, stack(0x00000006e5300000,0x00000006e5400000)]
  0x000001d926315800 JavaThread "Execution worker for ':' Thread 2" [_thread_blocked, id=236, stack(0x00000006e5400000,0x00000006e5500000)]
  0x000001d926317000 JavaThread "Execution worker for ':' Thread 3" [_thread_blocked, id=28388, stack(0x00000006e5500000,0x00000006e5600000)]
  0x000001d926318000 JavaThread "Execution worker for ':' Thread 4" [_thread_blocked, id=19684, stack(0x00000006e5600000,0x00000006e5700000)]
  0x000001d92303a000 JavaThread "Execution worker for ':' Thread 5" [_thread_blocked, id=9300, stack(0x00000006e5700000,0x00000006e5800000)]
  0x000001d923036800 JavaThread "Execution worker for ':' Thread 6" [_thread_blocked, id=20840, stack(0x00000006e5800000,0x00000006e5900000)]
  0x000001d92303b800 JavaThread "Execution worker for ':' Thread 7" [_thread_blocked, id=14548, stack(0x00000006e5900000,0x00000006e5a00000)]
  0x000001d92303a800 JavaThread "Cache worker for execution history cache (C:\Users\karlieswift\AndroidStudioProjects\shopping\.gradle\7.3.3\executionHistory)" [_thread_blocked, id=24892, stack(0x00000006e5a00000,0x00000006e5b00000)]
  0x000001d923038000 JavaThread "WorkerExecutor Queue" [_thread_blocked, id=11232, stack(0x00000006e5b00000,0x00000006e5c00000)]
=>0x000001d923037800 JavaThread "C2 CompilerThread1" daemon [_thread_in_native, id=24804, stack(0x00000006e5c00000,0x00000006e5d00000)]
  0x000001d923039000 JavaThread "WorkerExecutor Queue Thread 2" [_thread_blocked, id=21820, stack(0x00000006e5d00000,0x00000006e5e00000)]
  0x000001d923036000 JavaThread "WorkerExecutor Queue Thread 3" [_thread_blocked, id=7196, stack(0x00000006e5e00000,0x00000006e5f00000)]
  0x000001d92303d000 JavaThread "WorkerExecutor Queue Thread 4" [_thread_blocked, id=29448, stack(0x00000006e5f00000,0x00000006e6000000)]
  0x000001d92303c800 JavaThread "WorkerExecutor Queue Thread 5" [_thread_blocked, id=18028, stack(0x00000006e6000000,0x00000006e6100000)]
  0x000001d92303f000 JavaThread "WorkerExecutor Queue Thread 6" [_thread_blocked, id=26568, stack(0x00000006e6100000,0x00000006e6200000)]
  0x000001d923040800 JavaThread "WorkerExecutor Queue Thread 7" [_thread_blocked, id=23084, stack(0x00000006e6200000,0x00000006e6300000)]
  0x000001d923041000 JavaThread "WorkerExecutor Queue Thread 8" [_thread_blocked, id=11192, stack(0x00000006e6300000,0x00000006e6400000)]
  0x000001d923042000 JavaThread "WorkerExecutor Queue Thread 9" [_thread_blocked, id=23024, stack(0x00000006e6400000,0x00000006e6500000)]
  0x000001d923043800 JavaThread "pool-3-thread-1" [_thread_blocked, id=17624, stack(0x00000006e6500000,0x00000006e6600000)]
  0x000001d923043000 JavaThread "stderr" [_thread_in_native, id=25780, stack(0x00000006e6600000,0x00000006e6700000)]
  0x000001d92303e000 JavaThread "stdout" [_thread_in_native, id=14996, stack(0x00000006e6700000,0x00000006e6800000)]
  0x000001d923044800 JavaThread "ForkJoinPool-1-worker-3" daemon [_thread_in_vm, id=18660, stack(0x00000006e6800000,0x00000006e6900000)]
  0x000001d92303f800 JavaThread "ForkJoinPool-1-worker-5" daemon [_thread_in_Java, id=16152, stack(0x00000006e6900000,0x00000006e6a00000)]
  0x000001d928365800 JavaThread "ForkJoinPool-1-worker-7" daemon [_thread_in_vm, id=19508, stack(0x00000006e6a00000,0x00000006e6b00000)]
  0x000001d928362800 JavaThread "ForkJoinPool-1-worker-9" daemon [_thread_in_Java, id=988, stack(0x00000006e6b00000,0x00000006e6c00000)]
  0x000001d928366800 JavaThread "ForkJoinPool-1-worker-11" daemon [_thread_in_Java, id=7120, stack(0x00000006e6c00000,0x00000006e6d00000)]
  0x000001d928367000 JavaThread "ForkJoinPool-1-worker-13" daemon [_thread_in_Java, id=20260, stack(0x00000006e6d00000,0x00000006e6e00000)]
  0x000001d928368000 JavaThread "ForkJoinPool-1-worker-15" daemon [_thread_blocked, id=20972, stack(0x00000006e6e00000,0x00000006e6f00000)]
  0x000001d928364800 JavaThread "ForkJoinPool-1-worker-1" daemon [_thread_in_Java, id=14044, stack(0x00000006e6f00000,0x00000006e7000000)]

Other Threads:
  0x000001d91fff0800 VMThread "VM Thread" [stack: 0x00000006dcf00000,0x00000006dd000000] [id=26320]
  0x000001d920a6e000 WatcherThread [stack: 0x00000006dd900000,0x00000006dda00000] [id=12684]
  0x000001d905b79800 GCTaskThread "GC Thread#0" [stack: 0x00000006dca00000,0x00000006dcb00000] [id=9268]
  0x000001d920f16800 GCTaskThread "GC Thread#1" [stack: 0x00000006ddb00000,0x00000006ddc00000] [id=28428]
  0x000001d92174a000 GCTaskThread "GC Thread#2" [stack: 0x00000006ddc00000,0x00000006ddd00000] [id=17400]
  0x000001d922ae1800 GCTaskThread "GC Thread#3" [stack: 0x00000006de600000,0x00000006de700000] [id=19596]
  0x000001d922ced800 GCTaskThread "GC Thread#4" [stack: 0x00000006de700000,0x00000006de800000] [id=20552]
  0x000001d9220db000 GCTaskThread "GC Thread#5" [stack: 0x00000006de800000,0x00000006de900000] [id=8536]
  0x000001d92310c000 GCTaskThread "GC Thread#6" [stack: 0x00000006de900000,0x00000006dea00000] [id=19164]
  0x000001d9217af800 GCTaskThread "GC Thread#7" [stack: 0x00000006dea00000,0x00000006deb00000] [id=20660]
  0x000001d905baa000 ConcurrentGCThread "G1 Main Marker" [stack: 0x00000006dcb00000,0x00000006dcc00000] [id=28308]
  0x000001d905bab800 ConcurrentGCThread "G1 Conc#0" [stack: 0x00000006dcc00000,0x00000006dcd00000] [id=26692]
  0x000001d923052000 ConcurrentGCThread "G1 Conc#1" [stack: 0x00000006dee00000,0x00000006def00000] [id=16372]
  0x000001d905c3d800 ConcurrentGCThread "G1 Refine#0" [stack: 0x00000006dcd00000,0x00000006dce00000] [id=24148]
  0x000001d91fe40800 ConcurrentGCThread "G1 Young RemSet Sampling" [stack: 0x00000006dce00000,0x00000006dcf00000] [id=3264]

Threads with active compile tasks:
C2 CompilerThread0  19577 10672       4       org.gradle.internal.instantiation.generator.AbstractClassGenerator::inspectType (560 bytes)
C2 CompilerThread1  19577 11024       4       com.android.tools.r8.code.y1::a (4129 bytes)

VM state:not at safepoint (normal execution)

VM Mutex/Monitor currently owned by a thread: None

Heap address: 0x0000000080000000, size: 2048 MB, Compressed Oops mode: 32-bit
Narrow klass base: 0x0000000000000000, Narrow klass shift: 3
Compressed class space size: 1073741824 Address: 0x0000000100000000

Heap:
 garbage-first heap   total 187392K, used 133666K [0x0000000080000000, 0x0000000100000000)
  region size 1024K, 43 young (44032K), 9 survivors (9216K)
 Metaspace       used 94952K, capacity 97329K, committed 97520K, reserved 1134592K
  class space    used 12511K, capacity 13429K, committed 13516K, reserved 1048576K
Heap Regions: E=young(eden), S=young(survivor), O=old, HS=humongous(starts), HC=humongous(continues), CS=collection set, F=free, A=archive, TAMS=top-at-mark-start (previous, next)
|   0|0x0000000080000000, 0x0000000080100000, 0x0000000080100000|100%| O|  |TAMS 0x0000000080100000, 0x0000000080000000| Untracked 
|   1|0x0000000080100000, 0x0000000080200000, 0x0000000080200000|100%| O|  |TAMS 0x0000000080200000, 0x0000000080100000| Untracked 
|   2|0x0000000080200000, 0x0000000080300000, 0x0000000080300000|100%| O|  |TAMS 0x0000000080300000, 0x0000000080200000| Untracked 
|   3|0x0000000080300000, 0x0000000080400000, 0x0000000080400000|100%|HS|  |TAMS 0x0000000080400000, 0x0000000080300000| Complete 
|   4|0x0000000080400000, 0x0000000080500000, 0x0000000080500000|100%|HC|  |TAMS 0x0000000080500000, 0x0000000080400000| Complete 
|   5|0x0000000080500000, 0x0000000080600000, 0x0000000080600000|100%|HC|  |TAMS 0x0000000080600000, 0x0000000080500000| Complete 
|   6|0x0000000080600000, 0x0000000080700000, 0x0000000080700000|100%| O|  |TAMS 0x0000000080700000, 0x0000000080600000| Untracked 
|   7|0x0000000080700000, 0x0000000080800000, 0x0000000080800000|100%| O|  |TAMS 0x0000000080800000, 0x0000000080700000| Untracked 
|   8|0x0000000080800000, 0x0000000080900000, 0x0000000080900000|100%| O|  |TAMS 0x0000000080900000, 0x0000000080800000| Untracked 
|   9|0x0000000080900000, 0x0000000080a00000, 0x0000000080a00000|100%| O|  |TAMS 0x0000000080a00000, 0x0000000080900000| Untracked 
|  10|0x0000000080a00000, 0x0000000080b00000, 0x0000000080b00000|100%| O|  |TAMS 0x0000000080b00000, 0x0000000080a00000| Untracked 
|  11|0x0000000080b00000, 0x0000000080c00000, 0x0000000080c00000|100%| O|  |TAMS 0x0000000080c00000, 0x0000000080b00000| Untracked 
|  12|0x0000000080c00000, 0x0000000080d00000, 0x0000000080d00000|100%| O|  |TAMS 0x0000000080d00000, 0x0000000080c00000| Untracked 
|  13|0x0000000080d00000, 0x0000000080e00000, 0x0000000080e00000|100%| O|  |TAMS 0x0000000080e00000, 0x0000000080d00000| Untracked 
|  14|0x0000000080e00000, 0x0000000080f00000, 0x0000000080f00000|100%| O|  |TAMS 0x0000000080f00000, 0x0000000080e00000| Untracked 
|  15|0x0000000080f00000, 0x0000000081000000, 0x0000000081000000|100%| O|  |TAMS 0x0000000081000000, 0x0000000080f00000| Untracked 
|  16|0x0000000081000000, 0x0000000081100000, 0x0000000081100000|100%| O|  |TAMS 0x0000000081100000, 0x0000000081000000| Untracked 
|  17|0x0000000081100000, 0x0000000081200000, 0x0000000081200000|100%| O|  |TAMS 0x0000000081200000, 0x0000000081100000| Untracked 
|  18|0x0000000081200000, 0x0000000081300000, 0x0000000081300000|100%| O|  |TAMS 0x0000000081300000, 0x0000000081200000| Untracked 
|  19|0x0000000081300000, 0x0000000081400000, 0x0000000081400000|100%| O|  |TAMS 0x0000000081400000, 0x0000000081300000| Untracked 
|  20|0x0000000081400000, 0x0000000081500000, 0x0000000081500000|100%| O|  |TAMS 0x0000000081500000, 0x0000000081400000| Untracked 
|  21|0x0000000081500000, 0x0000000081600000, 0x0000000081600000|100%| O|  |TAMS 0x0000000081600000, 0x0000000081500000| Untracked 
|  22|0x0000000081600000, 0x0000000081700000, 0x0000000081700000|100%| O|  |TAMS 0x0000000081700000, 0x0000000081600000| Untracked 
|  23|0x0000000081700000, 0x0000000081800000, 0x0000000081800000|100%| O|  |TAMS 0x0000000081800000, 0x0000000081700000| Untracked 
|  24|0x0000000081800000, 0x0000000081900000, 0x0000000081900000|100%| O|  |TAMS 0x0000000081900000, 0x0000000081800000| Untracked 
|  25|0x0000000081900000, 0x0000000081a00000, 0x0000000081a00000|100%| O|  |TAMS 0x0000000081a00000, 0x0000000081900000| Untracked 
|  26|0x0000000081a00000, 0x0000000081b00000, 0x0000000081b00000|100%| O|  |TAMS 0x0000000081b00000, 0x0000000081a00000| Untracked 
|  27|0x0000000081b00000, 0x0000000081c00000, 0x0000000081c00000|100%|HS|  |TAMS 0x0000000081c00000, 0x0000000081b00000| Complete 
|  28|0x0000000081c00000, 0x0000000081d00000, 0x0000000081d00000|100%|HS|  |TAMS 0x0000000081d00000, 0x0000000081c00000| Complete 
|  29|0x0000000081d00000, 0x0000000081e00000, 0x0000000081e00000|100%|HS|  |TAMS 0x0000000081e00000, 0x0000000081d00000| Complete 
|  30|0x0000000081e00000, 0x0000000081f00000, 0x0000000081f00000|100%|HC|  |TAMS 0x0000000081f00000, 0x0000000081e00000| Complete 
|  31|0x0000000081f00000, 0x0000000082000000, 0x0000000082000000|100%| O|  |TAMS 0x0000000082000000, 0x0000000081f00000| Untracked 
|  32|0x0000000082000000, 0x0000000082100000, 0x0000000082100000|100%| O|  |TAMS 0x0000000082100000, 0x0000000082000000| Untracked 
|  33|0x0000000082100000, 0x0000000082200000, 0x0000000082200000|100%| O|  |TAMS 0x0000000082200000, 0x0000000082100000| Untracked 
|  34|0x0000000082200000, 0x0000000082300000, 0x0000000082300000|100%| O|  |TAMS 0x0000000082300000, 0x0000000082200000| Untracked 
|  35|0x0000000082300000, 0x0000000082400000, 0x0000000082400000|100%| O|  |TAMS 0x0000000082400000, 0x0000000082300000| Untracked 
|  36|0x0000000082400000, 0x0000000082500000, 0x0000000082500000|100%| O|  |TAMS 0x0000000082500000, 0x0000000082400000| Untracked 
|  37|0x0000000082500000, 0x0000000082600000, 0x0000000082600000|100%| O|  |TAMS 0x0000000082600000, 0x0000000082500000| Untracked 
|  38|0x0000000082600000, 0x0000000082700000, 0x0000000082700000|100%| O|  |TAMS 0x0000000082700000, 0x0000000082600000| Untracked 
|  39|0x0000000082700000, 0x0000000082800000, 0x0000000082800000|100%| O|  |TAMS 0x0000000082800000, 0x0000000082700000| Untracked 
|  40|0x0000000082800000, 0x0000000082900000, 0x0000000082900000|100%| O|  |TAMS 0x0000000082900000, 0x0000000082800000| Untracked 
|  41|0x0000000082900000, 0x0000000082a00000, 0x0000000082a00000|100%| O|  |TAMS 0x0000000082a00000, 0x0000000082900000| Untracked 
|  42|0x0000000082a00000, 0x0000000082b00000, 0x0000000082b00000|100%| O|  |TAMS 0x0000000082b00000, 0x0000000082a00000| Untracked 
|  43|0x0000000082b00000, 0x0000000082c00000, 0x0000000082c00000|100%| O|  |TAMS 0x0000000082c00000, 0x0000000082b00000| Untracked 
|  44|0x0000000082c00000, 0x0000000082d00000, 0x0000000082d00000|100%| O|  |TAMS 0x0000000082cf5a00, 0x0000000082c00000| Untracked 
|  45|0x0000000082d00000, 0x0000000082e00000, 0x0000000082e00000|100%| O|  |TAMS 0x0000000082d00000, 0x0000000082d00000| Untracked 
|  46|0x0000000082e00000, 0x0000000082f00000, 0x0000000082f00000|100%| O|  |TAMS 0x0000000082e00000, 0x0000000082e00000| Untracked 
|  47|0x0000000082f00000, 0x0000000083000000, 0x0000000083000000|100%| O|  |TAMS 0x0000000082f00000, 0x0000000082f00000| Untracked 
|  48|0x0000000083000000, 0x0000000083100000, 0x0000000083100000|100%| O|  |TAMS 0x0000000083000000, 0x0000000083000000| Untracked 
|  49|0x0000000083100000, 0x0000000083200000, 0x0000000083200000|100%| O|  |TAMS 0x0000000083100000, 0x0000000083100000| Untracked 
|  50|0x0000000083200000, 0x0000000083300000, 0x0000000083300000|100%| O|  |TAMS 0x0000000083200000, 0x0000000083200000| Untracked 
|  51|0x0000000083300000, 0x0000000083400000, 0x0000000083400000|100%| O|  |TAMS 0x0000000083300000, 0x0000000083300000| Untracked 
|  52|0x0000000083400000, 0x0000000083500000, 0x0000000083500000|100%| O|  |TAMS 0x0000000083400000, 0x0000000083400000| Untracked 
|  53|0x0000000083500000, 0x0000000083600000, 0x0000000083600000|100%| O|  |TAMS 0x0000000083500000, 0x0000000083500000| Untracked 
|  54|0x0000000083600000, 0x0000000083700000, 0x0000000083700000|100%| O|  |TAMS 0x0000000083600000, 0x0000000083600000| Untracked 
|  55|0x0000000083700000, 0x0000000083800000, 0x0000000083800000|100%| O|  |TAMS 0x0000000083700000, 0x0000000083700000| Untracked 
|  56|0x0000000083800000, 0x0000000083900000, 0x0000000083900000|100%| O|  |TAMS 0x0000000083800000, 0x0000000083800000| Untracked 
|  57|0x0000000083900000, 0x0000000083a00000, 0x0000000083a00000|100%| O|  |TAMS 0x0000000083900000, 0x0000000083900000| Untracked 
|  58|0x0000000083a00000, 0x0000000083b00000, 0x0000000083b00000|100%| O|  |TAMS 0x0000000083a00000, 0x0000000083a00000| Untracked 
|  59|0x0000000083b00000, 0x0000000083c00000, 0x0000000083c00000|100%| O|  |TAMS 0x0000000083b00000, 0x0000000083b00000| Untracked 
|  60|0x0000000083c00000, 0x0000000083d00000, 0x0000000083d00000|100%| O|  |TAMS 0x0000000083c00000, 0x0000000083c00000| Untracked 
|  61|0x0000000083d00000, 0x0000000083e00000, 0x0000000083e00000|100%| O|  |TAMS 0x0000000083d00000, 0x0000000083d00000| Untracked 
|  62|0x0000000083e00000, 0x0000000083f00000, 0x0000000083f00000|100%| O|  |TAMS 0x0000000083e00000, 0x0000000083e00000| Untracked 
|  63|0x0000000083f00000, 0x0000000084000000, 0x0000000084000000|100%|HS|  |TAMS 0x0000000083f00000, 0x0000000083f00000| Complete 
|  64|0x0000000084000000, 0x0000000084100000, 0x0000000084100000|100%|HC|  |TAMS 0x0000000084000000, 0x0000000084000000| Complete 
|  65|0x0000000084100000, 0x0000000084200000, 0x0000000084200000|100%|HS|  |TAMS 0x0000000084100000, 0x0000000084100000| Complete 
|  66|0x0000000084200000, 0x0000000084300000, 0x0000000084300000|100%|HS|  |TAMS 0x0000000084200000, 0x0000000084200000| Complete 
|  67|0x0000000084300000, 0x0000000084400000, 0x0000000084400000|100%| O|  |TAMS 0x0000000084300000, 0x0000000084300000| Untracked 
|  68|0x0000000084400000, 0x0000000084500000, 0x0000000084500000|100%| O|  |TAMS 0x0000000084400000, 0x0000000084400000| Untracked 
|  69|0x0000000084500000, 0x0000000084600000, 0x0000000084600000|100%| O|  |TAMS 0x0000000084500000, 0x0000000084500000| Untracked 
|  70|0x0000000084600000, 0x0000000084700000, 0x0000000084700000|100%| O|  |TAMS 0x0000000084600000, 0x0000000084600000| Untracked 
|  71|0x0000000084700000, 0x0000000084800000, 0x0000000084800000|100%| O|  |TAMS 0x0000000084700000, 0x0000000084700000| Untracked 
|  72|0x0000000084800000, 0x0000000084800000, 0x0000000084900000|  0%| F|  |TAMS 0x0000000084800000, 0x0000000084800000| Untracked 
|  73|0x0000000084900000, 0x0000000084900000, 0x0000000084a00000|  0%| F|  |TAMS 0x0000000084900000, 0x0000000084900000| Untracked 
|  74|0x0000000084a00000, 0x0000000084a00000, 0x0000000084b00000|  0%| F|  |TAMS 0x0000000084a00000, 0x0000000084a00000| Untracked 
|  75|0x0000000084b00000, 0x0000000084c00000, 0x0000000084c00000|100%|HS|  |TAMS 0x0000000084b00000, 0x0000000084b00000| Complete 
|  76|0x0000000084c00000, 0x0000000084d00000, 0x0000000084d00000|100%|HC|  |TAMS 0x0000000084c00000, 0x0000000084c00000| Complete 
|  77|0x0000000084d00000, 0x0000000084d00000, 0x0000000084e00000|  0%| F|  |TAMS 0x0000000084d00000, 0x0000000084d00000| Untracked 
|  78|0x0000000084e00000, 0x0000000084f00000, 0x0000000084f00000|100%|HS|  |TAMS 0x0000000084e00000, 0x0000000084e00000| Complete 
|  79|0x0000000084f00000, 0x0000000084f00000, 0x0000000085000000|  0%| F|  |TAMS 0x0000000084f00000, 0x0000000084f00000| Untracked 
|  80|0x0000000085000000, 0x0000000085100000, 0x0000000085100000|100%|HS|  |TAMS 0x0000000085000000, 0x0000000085000000| Complete 
|  81|0x0000000085100000, 0x0000000085200000, 0x0000000085200000|100%| O|  |TAMS 0x0000000085100000, 0x0000000085100000| Untracked 
|  82|0x0000000085200000, 0x0000000085300000, 0x0000000085300000|100%| O|  |TAMS 0x0000000085200000, 0x0000000085200000| Untracked 
|  83|0x0000000085300000, 0x0000000085400000, 0x0000000085400000|100%| O|  |TAMS 0x0000000085300000, 0x0000000085300000| Untracked 
|  84|0x0000000085400000, 0x0000000085500000, 0x0000000085500000|100%| O|  |TAMS 0x0000000085400000, 0x0000000085400000| Untracked 
|  85|0x0000000085500000, 0x0000000085600000, 0x0000000085600000|100%| O|  |TAMS 0x0000000085500000, 0x0000000085500000| Untracked 
|  86|0x0000000085600000, 0x0000000085700000, 0x0000000085700000|100%| O|  |TAMS 0x0000000085600000, 0x0000000085600000| Untracked 
|  87|0x0000000085700000, 0x0000000085800000, 0x0000000085800000|100%| O|  |TAMS 0x0000000085700000, 0x0000000085700000| Untracked 
|  88|0x0000000085800000, 0x0000000085900000, 0x0000000085900000|100%| O|  |TAMS 0x0000000085800000, 0x0000000085800000| Untracked 
|  89|0x0000000085900000, 0x0000000085a00000, 0x0000000085a00000|100%| O|  |TAMS 0x0000000085900000, 0x0000000085900000| Untracked 
|  90|0x0000000085a00000, 0x0000000085b00000, 0x0000000085b00000|100%| O|  |TAMS 0x0000000085a00000, 0x0000000085a00000| Untracked 
|  91|0x0000000085b00000, 0x0000000085c00000, 0x0000000085c00000|100%| O|  |TAMS 0x0000000085b00000, 0x0000000085b00000| Untracked 
|  92|0x0000000085c00000, 0x0000000085d00000, 0x0000000085d00000|100%| O|  |TAMS 0x0000000085c00000, 0x0000000085c00000| Untracked 
|  93|0x0000000085d00000, 0x0000000085e00000, 0x0000000085e00000|100%| O|  |TAMS 0x0000000085d00000, 0x0000000085d00000| Untracked 
|  94|0x0000000085e00000, 0x0000000085e88800, 0x0000000085f00000| 53%| O|  |TAMS 0x0000000085e00000, 0x0000000085e00000| Untracked 
|  95|0x0000000085f00000, 0x0000000085f00000, 0x0000000086000000|  0%| F|  |TAMS 0x0000000085f00000, 0x0000000085f00000| Untracked 
|  96|0x0000000086000000, 0x0000000086000000, 0x0000000086100000|  0%| F|  |TAMS 0x0000000086000000, 0x0000000086000000| Untracked 
|  97|0x0000000086100000, 0x0000000086100000, 0x0000000086200000|  0%| F|  |TAMS 0x0000000086100000, 0x0000000086100000| Untracked 
|  98|0x0000000086200000, 0x0000000086200000, 0x0000000086300000|  0%| F|  |TAMS 0x0000000086200000, 0x0000000086200000| Untracked 
|  99|0x0000000086300000, 0x0000000086300000, 0x0000000086400000|  0%| F|  |TAMS 0x0000000086300000, 0x0000000086300000| Untracked 
| 100|0x0000000086400000, 0x0000000086400000, 0x0000000086500000|  0%| F|  |TAMS 0x0000000086400000, 0x0000000086400000| Untracked 
| 101|0x0000000086500000, 0x0000000086500000, 0x0000000086600000|  0%| F|  |TAMS 0x0000000086500000, 0x0000000086500000| Untracked 
| 102|0x0000000086600000, 0x0000000086600000, 0x0000000086700000|  0%| F|  |TAMS 0x0000000086600000, 0x0000000086600000| Untracked 
| 103|0x0000000086700000, 0x0000000086700000, 0x0000000086800000|  0%| F|  |TAMS 0x0000000086700000, 0x0000000086700000| Untracked 
| 104|0x0000000086800000, 0x0000000086800000, 0x0000000086900000|  0%| F|  |TAMS 0x0000000086800000, 0x0000000086800000| Untracked 
| 105|0x0000000086900000, 0x0000000086900000, 0x0000000086a00000|  0%| F|  |TAMS 0x0000000086900000, 0x0000000086900000| Untracked 
| 106|0x0000000086a00000, 0x0000000086a00000, 0x0000000086b00000|  0%| F|  |TAMS 0x0000000086a00000, 0x0000000086a00000| Untracked 
| 107|0x0000000086b00000, 0x0000000086b00000, 0x0000000086c00000|  0%| F|  |TAMS 0x0000000086b00000, 0x0000000086b00000| Untracked 
| 108|0x0000000086c00000, 0x0000000086c00000, 0x0000000086d00000|  0%| F|  |TAMS 0x0000000086c00000, 0x0000000086c00000| Untracked 
| 109|0x0000000086d00000, 0x0000000086d00000, 0x0000000086e00000|  0%| F|  |TAMS 0x0000000086d00000, 0x0000000086d00000| Untracked 
| 110|0x0000000086e00000, 0x0000000086e00000, 0x0000000086f00000|  0%| F|  |TAMS 0x0000000086e00000, 0x0000000086e00000| Untracked 
| 111|0x0000000086f00000, 0x0000000086f00000, 0x0000000087000000|  0%| F|  |TAMS 0x0000000086f00000, 0x0000000086f00000| Untracked 
| 112|0x0000000087000000, 0x0000000087000000, 0x0000000087100000|  0%| F|  |TAMS 0x0000000087000000, 0x0000000087000000| Untracked 
| 113|0x0000000087100000, 0x0000000087200000, 0x0000000087200000|100%| S|CS|TAMS 0x0000000087100000, 0x0000000087100000| Complete 
| 114|0x0000000087200000, 0x0000000087300000, 0x0000000087300000|100%| S|CS|TAMS 0x0000000087200000, 0x0000000087200000| Complete 
| 115|0x0000000087300000, 0x0000000087400000, 0x0000000087400000|100%| S|CS|TAMS 0x0000000087300000, 0x0000000087300000| Complete 
| 116|0x0000000087400000, 0x0000000087500000, 0x0000000087500000|100%| S|CS|TAMS 0x0000000087400000, 0x0000000087400000| Complete 
| 117|0x0000000087500000, 0x0000000087600000, 0x0000000087600000|100%| S|CS|TAMS 0x0000000087500000, 0x0000000087500000| Complete 
| 118|0x0000000087600000, 0x0000000087700000, 0x0000000087700000|100%| S|CS|TAMS 0x0000000087600000, 0x0000000087600000| Complete 
| 119|0x0000000087700000, 0x0000000087800000, 0x0000000087800000|100%| S|CS|TAMS 0x0000000087700000, 0x0000000087700000| Complete 
| 120|0x0000000087800000, 0x0000000087900000, 0x0000000087900000|100%| S|CS|TAMS 0x0000000087800000, 0x0000000087800000| Complete 
| 121|0x0000000087900000, 0x0000000087a00000, 0x0000000087a00000|100%| S|CS|TAMS 0x0000000087900000, 0x0000000087900000| Complete 
| 122|0x0000000087a00000, 0x0000000087a00000, 0x0000000087b00000|  0%| F|  |TAMS 0x0000000087a00000, 0x0000000087a00000| Untracked 
| 123|0x0000000087b00000, 0x0000000087b00000, 0x0000000087c00000|  0%| F|  |TAMS 0x0000000087b00000, 0x0000000087b00000| Untracked 
| 124|0x0000000087c00000, 0x0000000087c00000, 0x0000000087d00000|  0%| F|  |TAMS 0x0000000087c00000, 0x0000000087c00000| Untracked 
| 125|0x0000000087d00000, 0x0000000087d00000, 0x0000000087e00000|  0%| F|  |TAMS 0x0000000087d00000, 0x0000000087d00000| Untracked 
| 126|0x0000000087e00000, 0x0000000087e00000, 0x0000000087f00000|  0%| F|  |TAMS 0x0000000087e00000, 0x0000000087e00000| Untracked 
| 127|0x0000000087f00000, 0x0000000087f00000, 0x0000000088000000|  0%| F|  |TAMS 0x0000000087f00000, 0x0000000087f00000| Untracked 
| 128|0x0000000088000000, 0x0000000088000000, 0x0000000088100000|  0%| F|  |TAMS 0x0000000088000000, 0x0000000088000000| Untracked 
| 129|0x0000000088100000, 0x0000000088100000, 0x0000000088200000|  0%| F|  |TAMS 0x0000000088100000, 0x0000000088100000| Untracked 
| 130|0x0000000088200000, 0x0000000088200000, 0x0000000088300000|  0%| F|  |TAMS 0x0000000088200000, 0x0000000088200000| Untracked 
| 131|0x0000000088300000, 0x0000000088300000, 0x0000000088400000|  0%| F|  |TAMS 0x0000000088300000, 0x0000000088300000| Untracked 
| 132|0x0000000088400000, 0x0000000088400000, 0x0000000088500000|  0%| F|  |TAMS 0x0000000088400000, 0x0000000088400000| Untracked 
| 133|0x0000000088500000, 0x0000000088500000, 0x0000000088600000|  0%| F|  |TAMS 0x0000000088500000, 0x0000000088500000| Untracked 
| 134|0x0000000088600000, 0x0000000088600000, 0x0000000088700000|  0%| F|  |TAMS 0x0000000088600000, 0x0000000088600000| Untracked 
| 135|0x0000000088700000, 0x0000000088700000, 0x0000000088800000|  0%| F|  |TAMS 0x0000000088700000, 0x0000000088700000| Untracked 
| 136|0x0000000088800000, 0x0000000088800000, 0x0000000088900000|  0%| F|  |TAMS 0x0000000088800000, 0x0000000088800000| Untracked 
| 137|0x0000000088900000, 0x0000000088900000, 0x0000000088a00000|  0%| F|  |TAMS 0x0000000088900000, 0x0000000088900000| Untracked 
| 138|0x0000000088a00000, 0x0000000088a00000, 0x0000000088b00000|  0%| F|  |TAMS 0x0000000088a00000, 0x0000000088a00000| Untracked 
| 139|0x0000000088b00000, 0x0000000088b00000, 0x0000000088c00000|  0%| F|  |TAMS 0x0000000088b00000, 0x0000000088b00000| Untracked 
| 140|0x0000000088c00000, 0x0000000088c00000, 0x0000000088d00000|  0%| F|  |TAMS 0x0000000088c00000, 0x0000000088c00000| Untracked 
| 141|0x0000000088d00000, 0x0000000088d00000, 0x0000000088e00000|  0%| F|  |TAMS 0x0000000088d00000, 0x0000000088d00000| Untracked 
| 142|0x0000000088e00000, 0x0000000088e00000, 0x0000000088f00000|  0%| F|  |TAMS 0x0000000088e00000, 0x0000000088e00000| Untracked 
| 143|0x0000000088f00000, 0x0000000088f00000, 0x0000000089000000|  0%| F|  |TAMS 0x0000000088f00000, 0x0000000088f00000| Untracked 
| 144|0x0000000089000000, 0x0000000089000000, 0x0000000089100000|  0%| F|  |TAMS 0x0000000089000000, 0x0000000089000000| Untracked 
| 145|0x0000000089100000, 0x0000000089100000, 0x0000000089200000|  0%| F|  |TAMS 0x0000000089100000, 0x0000000089100000| Untracked 
| 146|0x0000000089200000, 0x0000000089200000, 0x0000000089300000|  0%| F|  |TAMS 0x0000000089200000, 0x0000000089200000| Untracked 
| 147|0x0000000089300000, 0x0000000089300000, 0x0000000089400000|  0%| F|  |TAMS 0x0000000089300000, 0x0000000089300000| Untracked 
| 148|0x0000000089400000, 0x000000008943bb10, 0x0000000089500000| 23%| E|  |TAMS 0x0000000089400000, 0x0000000089400000| Complete 
| 149|0x0000000089500000, 0x0000000089600000, 0x0000000089600000|100%| E|CS|TAMS 0x0000000089500000, 0x0000000089500000| Complete 
| 150|0x0000000089600000, 0x0000000089700000, 0x0000000089700000|100%| E|CS|TAMS 0x0000000089600000, 0x0000000089600000| Complete 
| 151|0x0000000089700000, 0x0000000089800000, 0x0000000089800000|100%| E|CS|TAMS 0x0000000089700000, 0x0000000089700000| Complete 
| 152|0x0000000089800000, 0x0000000089900000, 0x0000000089900000|100%| E|CS|TAMS 0x0000000089800000, 0x0000000089800000| Complete 
| 153|0x0000000089900000, 0x0000000089a00000, 0x0000000089a00000|100%| E|CS|TAMS 0x0000000089900000, 0x0000000089900000| Complete 
| 154|0x0000000089a00000, 0x0000000089b00000, 0x0000000089b00000|100%| E|CS|TAMS 0x0000000089a00000, 0x0000000089a00000| Complete 
| 155|0x0000000089b00000, 0x0000000089c00000, 0x0000000089c00000|100%| E|CS|TAMS 0x0000000089b00000, 0x0000000089b00000| Complete 
| 156|0x0000000089c00000, 0x0000000089d00000, 0x0000000089d00000|100%| E|CS|TAMS 0x0000000089c00000, 0x0000000089c00000| Complete 
| 157|0x0000000089d00000, 0x0000000089e00000, 0x0000000089e00000|100%| E|CS|TAMS 0x0000000089d00000, 0x0000000089d00000| Complete 
| 158|0x0000000089e00000, 0x0000000089f00000, 0x0000000089f00000|100%| E|CS|TAMS 0x0000000089e00000, 0x0000000089e00000| Complete 
| 159|0x0000000089f00000, 0x000000008a000000, 0x000000008a000000|100%| E|CS|TAMS 0x0000000089f00000, 0x0000000089f00000| Complete 
| 160|0x000000008a000000, 0x000000008a100000, 0x000000008a100000|100%| E|CS|TAMS 0x000000008a000000, 0x000000008a000000| Complete 
| 161|0x000000008a100000, 0x000000008a200000, 0x000000008a200000|100%| E|CS|TAMS 0x000000008a100000, 0x000000008a100000| Complete 
| 162|0x000000008a200000, 0x000000008a300000, 0x000000008a300000|100%| E|CS|TAMS 0x000000008a200000, 0x000000008a200000| Complete 
| 163|0x000000008a300000, 0x000000008a400000, 0x000000008a400000|100%| E|CS|TAMS 0x000000008a300000, 0x000000008a300000| Complete 
| 164|0x000000008a400000, 0x000000008a500000, 0x000000008a500000|100%| E|CS|TAMS 0x000000008a400000, 0x000000008a400000| Complete 
| 165|0x000000008a500000, 0x000000008a600000, 0x000000008a600000|100%| E|CS|TAMS 0x000000008a500000, 0x000000008a500000| Complete 
| 166|0x000000008a600000, 0x000000008a700000, 0x000000008a700000|100%| E|CS|TAMS 0x000000008a600000, 0x000000008a600000| Complete 
| 167|0x000000008a700000, 0x000000008a800000, 0x000000008a800000|100%| E|CS|TAMS 0x000000008a700000, 0x000000008a700000| Complete 
| 168|0x000000008a800000, 0x000000008a900000, 0x000000008a900000|100%| E|CS|TAMS 0x000000008a800000, 0x000000008a800000| Complete 
| 169|0x000000008a900000, 0x000000008aa00000, 0x000000008aa00000|100%| E|CS|TAMS 0x000000008a900000, 0x000000008a900000| Complete 
| 170|0x000000008aa00000, 0x000000008ab00000, 0x000000008ab00000|100%| E|CS|TAMS 0x000000008aa00000, 0x000000008aa00000| Complete 
| 171|0x000000008ab00000, 0x000000008ac00000, 0x000000008ac00000|100%| E|CS|TAMS 0x000000008ab00000, 0x000000008ab00000| Complete 
| 172|0x000000008ac00000, 0x000000008ad00000, 0x000000008ad00000|100%| E|CS|TAMS 0x000000008ac00000, 0x000000008ac00000| Complete 
| 173|0x000000008ad00000, 0x000000008ae00000, 0x000000008ae00000|100%| E|CS|TAMS 0x000000008ad00000, 0x000000008ad00000| Complete 
| 174|0x000000008ae00000, 0x000000008af00000, 0x000000008af00000|100%| E|CS|TAMS 0x000000008ae00000, 0x000000008ae00000| Complete 
| 175|0x000000008af00000, 0x000000008b000000, 0x000000008b000000|100%| E|CS|TAMS 0x000000008af00000, 0x000000008af00000| Complete 
| 176|0x000000008b000000, 0x000000008b100000, 0x000000008b100000|100%| E|CS|TAMS 0x000000008b000000, 0x000000008b000000| Complete 
| 177|0x000000008b100000, 0x000000008b200000, 0x000000008b200000|100%| E|CS|TAMS 0x000000008b100000, 0x000000008b100000| Complete 
| 178|0x000000008b200000, 0x000000008b300000, 0x000000008b300000|100%| E|CS|TAMS 0x000000008b200000, 0x000000008b200000| Complete 
| 179|0x000000008b300000, 0x000000008b400000, 0x000000008b400000|100%| E|CS|TAMS 0x000000008b300000, 0x000000008b300000| Complete 
| 180|0x000000008b400000, 0x000000008b500000, 0x000000008b500000|100%| E|  |TAMS 0x000000008b400000, 0x000000008b400000| Complete 
| 181|0x000000008b500000, 0x000000008b600000, 0x000000008b600000|100%| E|CS|TAMS 0x000000008b500000, 0x000000008b500000| Complete 
| 182|0x000000008b600000, 0x000000008b700000, 0x000000008b700000|100%| E|CS|TAMS 0x000000008b600000, 0x000000008b600000| Complete 

Card table byte_map: [0x000001d918da0000,0x000001d9191a0000] _byte_map_base: 0x000001d9189a0000

Marking Bits (Prev, Next): (CMBitMap*) 0x000001d905ba1498, (CMBitMap*) 0x000001d905ba14d0
 Prev Bits: [0x000001d9195a0000, 0x000001d91b5a0000)
 Next Bits: [0x000001d91b5a0000, 0x000001d91d5a0000)

Polling page: 0x000001d905340000

Metaspace:

Usage:
  Non-class:     81.93 MB capacity,    80.51 MB ( 98%) used,     1.15 MB (  1%) free+waste,   282.13 KB ( <1%) overhead. 
      Class:     13.11 MB capacity,    12.22 MB ( 93%) used,   788.82 KB (  6%) free+waste,   128.38 KB ( <1%) overhead. 
       Both:     95.05 MB capacity,    92.73 MB ( 98%) used,     1.92 MB (  2%) free+waste,   410.50 KB ( <1%) overhead. 

Virtual space:
  Non-class space:       84.00 MB reserved,      82.04 MB ( 98%) committed 
      Class space:        1.00 GB reserved,      13.20 MB (  1%) committed 
             Both:        1.08 GB reserved,      95.23 MB (  9%) committed 

Chunk freelists:
   Non-Class:  40.00 KB
       Class:  11.00 KB
        Both:  51.00 KB

MaxMetaspaceSize: 17179869184.00 GB
CompressedClassSpaceSize: 1.00 GB
Initial GC threshold: 20.80 MB
Current GC threshold: 105.81 MB
CDS: off

CodeHeap 'non-profiled nmethods': size=120000Kb used=4977Kb max_used=4977Kb free=115022Kb
 bounds [0x000001d911140000, 0x000001d911620000, 0x000001d918670000]
CodeHeap 'profiled nmethods': size=120000Kb used=22516Kb max_used=22516Kb free=97483Kb
 bounds [0x000001d909c10000, 0x000001d90b210000, 0x000001d911140000]
CodeHeap 'non-nmethods': size=5760Kb used=2407Kb max_used=2425Kb free=3352Kb
 bounds [0x000001d909670000, 0x000001d9098e0000, 0x000001d909c10000]
 total_blobs=12005 nmethods=11080 adapters=837
 compilation: enabled
              stopped_count=0, restarted_count=0
 full_count=0

Compilation events (20 events):
Event: 19.506 Thread 0x000001d920027000 nmethod 11221 0x000001d90b1eff90 code [0x000001d90b1f0140, 0x000001d90b1f0278]
Event: 19.506 Thread 0x000001d920027000 11222       2       com.android.tools.r8.graph.r::a (103 bytes)
Event: 19.507 Thread 0x000001d920027000 nmethod 11222 0x000001d90b1f0310 code [0x000001d90b1f04e0, 0x000001d90b1f08d8]
Event: 19.507 Thread 0x000001d920027000 11226       2       com.android.tools.r8.graph.f1$$Lambda$1240/0x0000000100d0f440::apply (8 bytes)
Event: 19.508 Thread 0x000001d920027000 nmethod 11226 0x000001d90b1f0a10 code [0x000001d90b1f0bc0, 0x000001d90b1f0cf8]
Event: 19.508 Thread 0x000001d920027000 11224       2       com.android.tools.r8.dex.j::d (39 bytes)
Event: 19.508 Thread 0x000001d920027000 nmethod 11224 0x000001d90b1f0e10 code [0x000001d90b1f0fe0, 0x000001d90b1f1208]
Event: 19.508 Thread 0x000001d920027000 11231       2       com.android.tools.r8.internal.H0::get (132 bytes)
Event: 19.509 Thread 0x000001d920027000 nmethod 11231 0x000001d90b1f1310 code [0x000001d90b1f1520, 0x000001d90b1f1928]
Event: 19.509 Thread 0x000001d920027000 11232       2       com.android.tools.r8.internal.GG::containsKey (80 bytes)
Event: 19.509 Thread 0x000001d920027000 nmethod 11232 0x000001d90b1f1c10 code [0x000001d90b1f1e00, 0x000001d90b1f2108]
Event: 19.509 Thread 0x000001d920027000 11228       2       com.android.tools.r8.internal.GG::isEmpty (13 bytes)
Event: 19.509 Thread 0x000001d920027000 nmethod 11228 0x000001d90b1f2290 code [0x000001d90b1f2440, 0x000001d90b1f2558]
Event: 19.510 Thread 0x000001d920027000 11229       2       com.android.tools.r8.graph.e1::O0 (8 bytes)
Event: 19.510 Thread 0x000001d920027000 nmethod 11229 0x000001d90b1f2610 code [0x000001d90b1f2800, 0x000001d90b1f2b78]
Event: 19.510 Thread 0x000001d920027000 11230       2       com.android.tools.r8.internal.h2::a (2 bytes)
Event: 19.510 Thread 0x000001d920027000 nmethod 11230 0x000001d90b1f2e10 code [0x000001d90b1f2fc0, 0x000001d90b1f30b8]
Event: 19.510 Thread 0x000001d920027000 11233       2       com.android.tools.r8.BaseCompilerCommand$Builder$$Lambda$1123/0x0000000100c0d040::test (12 bytes)
Event: 19.510 Thread 0x000001d920027000 nmethod 11233 0x000001d90b1f3190 code [0x000001d90b1f3340, 0x000001d90b1f34b8]
Event: 19.510 Thread 0x000001d920027000 11235       2       com.android.tools.r8.internal.lV::d (16 bytes)

GC Heap History (20 events):
Event: 8.557 GC heap before
{Heap before GC invocations=12 (full 0):
 garbage-first heap   total 155648K, used 112451K [0x0000000080000000, 0x0000000100000000)
  region size 1024K, 80 young (81920K), 7 survivors (7168K)
 Metaspace       used 57128K, capacity 58530K, committed 58696K, reserved 1099776K
  class space    used 7280K, capacity 7782K, committed 7884K, reserved 1048576K
}
Event: 8.566 GC heap after
{Heap after GC invocations=13 (full 0):
 garbage-first heap   total 155648K, used 45691K [0x0000000080000000, 0x0000000100000000)
  region size 1024K, 10 young (10240K), 10 survivors (10240K)
 Metaspace       used 57128K, capacity 58530K, committed 58696K, reserved 1099776K
  class space    used 7280K, capacity 7782K, committed 7884K, reserved 1048576K
}
Event: 8.710 GC heap before
{Heap before GC invocations=13 (full 0):
 garbage-first heap   total 155648K, used 55931K [0x0000000080000000, 0x0000000100000000)
  region size 1024K, 21 young (21504K), 10 survivors (10240K)
 Metaspace       used 58431K, capacity 59862K, committed 59976K, reserved 1101824K
  class space    used 7466K, capacity 8033K, committed 8140K, reserved 1048576K
}
Event: 8.723 GC heap after
{Heap after GC invocations=14 (full 0):
 garbage-first heap   total 155648K, used 47418K [0x0000000080000000, 0x0000000100000000)
  region size 1024K, 2 young (2048K), 2 survivors (2048K)
 Metaspace       used 58431K, capacity 59862K, committed 59976K, reserved 1101824K
  class space    used 7466K, capacity 8033K, committed 8140K, reserved 1048576K
}
Event: 9.294 GC heap before
{Heap before GC invocations=15 (full 0):
 garbage-first heap   total 155648K, used 92474K [0x0000000080000000, 0x0000000100000000)
  region size 1024K, 47 young (48128K), 2 survivors (2048K)
 Metaspace       used 63237K, capacity 64735K, committed 65008K, reserved 1105920K
  class space    used 8052K, capacity 8628K, committed 8652K, reserved 1048576K
}
Event: 9.301 GC heap after
{Heap after GC invocations=16 (full 0):
 garbage-first heap   total 187392K, used 50899K [0x0000000080000000, 0x0000000100000000)
  region size 1024K, 5 young (5120K), 5 survivors (5120K)
 Metaspace       used 63237K, capacity 64735K, committed 65008K, reserved 1105920K
  class space    used 8052K, capacity 8628K, committed 8652K, reserved 1048576K
}
Event: 9.870 GC heap before
{Heap before GC invocations=17 (full 0):
 garbage-first heap   total 187392K, used 115411K [0x0000000080000000, 0x0000000100000000)
  region size 1024K, 67 young (68608K), 5 survivors (5120K)
 Metaspace       used 65953K, capacity 67495K, committed 67824K, reserved 1107968K
  class space    used 8415K, capacity 9028K, committed 9164K, reserved 1048576K
}
Event: 9.877 GC heap after
{Heap after GC invocations=18 (full 0):
 garbage-first heap   total 187392K, used 55459K [0x0000000080000000, 0x0000000100000000)
  region size 1024K, 9 young (9216K), 9 survivors (9216K)
 Metaspace       used 65953K, capacity 67495K, committed 67824K, reserved 1107968K
  class space    used 8415K, capacity 9028K, committed 9164K, reserved 1048576K
}
Event: 10.836 GC heap before
{Heap before GC invocations=18 (full 0):
 garbage-first heap   total 187392K, used 120995K [0x0000000080000000, 0x0000000100000000)
  region size 1024K, 73 young (74752K), 9 survivors (9216K)
 Metaspace       used 72796K, capacity 74442K, committed 74736K, reserved 1114112K
  class space    used 9521K, capacity 10129K, committed 10188K, reserved 1048576K
}
Event: 10.846 GC heap after
{Heap after GC invocations=19 (full 0):
 garbage-first heap   total 187392K, used 59620K [0x0000000080000000, 0x0000000100000000)
  region size 1024K, 9 young (9216K), 9 survivors (9216K)
 Metaspace       used 72796K, capacity 74442K, committed 74736K, reserved 1114112K
  class space    used 9521K, capacity 10129K, committed 10188K, reserved 1048576K
}
Event: 11.770 GC heap before
{Heap before GC invocations=19 (full 0):
 garbage-first heap   total 187392K, used 127204K [0x0000000080000000, 0x0000000100000000)
  region size 1024K, 75 young (76800K), 9 survivors (9216K)
 Metaspace       used 79822K, capacity 81735K, committed 81776K, reserved 1120256K
  class space    used 10542K, capacity 11308K, committed 11340K, reserved 1048576K
}
Event: 11.784 GC heap after
{Heap after GC invocations=20 (full 0):
 garbage-first heap   total 187392K, used 63862K [0x0000000080000000, 0x0000000100000000)
  region size 1024K, 9 young (9216K), 9 survivors (9216K)
 Metaspace       used 79822K, capacity 81735K, committed 81776K, reserved 1120256K
  class space    used 10542K, capacity 11308K, committed 11340K, reserved 1048576K
}
Event: 13.380 GC heap before
{Heap before GC invocations=20 (full 0):
 garbage-first heap   total 187392K, used 131446K [0x0000000080000000, 0x0000000100000000)
  region size 1024K, 76 young (77824K), 9 survivors (9216K)
 Metaspace       used 81598K, capacity 83731K, committed 83824K, reserved 1122304K
  class space    used 10753K, capacity 11571K, committed 11596K, reserved 1048576K
}
Event: 13.400 GC heap after
{Heap after GC invocations=21 (full 0):
 garbage-first heap   total 187392K, used 68906K [0x0000000080000000, 0x0000000100000000)
  region size 1024K, 10 young (10240K), 10 survivors (10240K)
 Metaspace       used 81598K, capacity 83731K, committed 83824K, reserved 1122304K
  class space    used 10753K, capacity 11571K, committed 11596K, reserved 1048576K
}
Event: 15.652 GC heap before
{Heap before GC invocations=21 (full 0):
 garbage-first heap   total 187392K, used 135466K [0x0000000080000000, 0x0000000100000000)
  region size 1024K, 76 young (77824K), 10 survivors (10240K)
 Metaspace       used 87099K, capacity 89305K, committed 89456K, reserved 1126400K
  class space    used 11410K, capacity 12225K, committed 12364K, reserved 1048576K
}
Event: 15.680 GC heap after
{Heap after GC invocations=22 (full 0):
 garbage-first heap   total 187392K, used 70943K [0x0000000080000000, 0x0000000100000000)
  region size 1024K, 7 young (7168K), 7 survivors (7168K)
 Metaspace       used 87099K, capacity 89305K, committed 89456K, reserved 1126400K
  class space    used 11410K, capacity 12225K, committed 12364K, reserved 1048576K
}
Event: 18.398 GC heap before
{Heap before GC invocations=22 (full 0):
 garbage-first heap   total 187392K, used 144671K [0x0000000080000000, 0x0000000100000000)
  region size 1024K, 76 young (77824K), 7 survivors (7168K)
 Metaspace       used 89341K, capacity 91480K, committed 91632K, reserved 1128448K
  class space    used 11643K, capacity 12441K, committed 12492K, reserved 1048576K
}
Event: 18.413 GC heap after
{Heap after GC invocations=23 (full 0):
 garbage-first heap   total 187392K, used 83245K [0x0000000080000000, 0x0000000100000000)
  region size 1024K, 10 young (10240K), 10 survivors (10240K)
 Metaspace       used 89341K, capacity 91480K, committed 91632K, reserved 1128448K
  class space    used 11643K, capacity 12441K, committed 12492K, reserved 1048576K
}
Event: 19.102 GC heap before
{Heap before GC invocations=23 (full 0):
 garbage-first heap   total 187392K, used 153901K [0x0000000080000000, 0x0000000100000000)
  region size 1024K, 71 young (72704K), 10 survivors (10240K)
 Metaspace       used 92461K, capacity 94748K, committed 94960K, reserved 1132544K
  class space    used 12026K, capacity 12902K, committed 13004K, reserved 1048576K
}
Event: 19.123 GC heap after
{Heap after GC invocations=24 (full 0):
 garbage-first heap   total 187392K, used 100898K [0x0000000080000000, 0x0000000100000000)
  region size 1024K, 9 young (9216K), 9 survivors (9216K)
 Metaspace       used 92461K, capacity 94748K, committed 94960K, reserved 1132544K
  class space    used 12026K, capacity 12902K, committed 13004K, reserved 1048576K
}

Deoptimization events (20 events):
Event: 18.970 Thread 0x000001d923036000 DEOPT PACKING pc=0x000001d9115f795c sp=0x00000006e5efd660
Event: 18.970 Thread 0x000001d923036000 DEOPT UNPACKING pc=0x000001d9096ba1af sp=0x00000006e5efd4d0 mode 2
Event: 18.972 Thread 0x000001d923036000 DEOPT PACKING pc=0x000001d90afeb955 sp=0x00000006e5efd1e0
Event: 18.972 Thread 0x000001d923036000 DEOPT UNPACKING pc=0x000001d9096ba95e sp=0x00000006e5efc700 mode 0
Event: 18.991 Thread 0x000001d923036000 DEOPT PACKING pc=0x000001d90afeb976 sp=0x00000006e5efd1c0
Event: 18.991 Thread 0x000001d923036000 DEOPT UNPACKING pc=0x000001d9096ba95e sp=0x00000006e5efc6e0 mode 0
Event: 18.997 Thread 0x000001d923036000 DEOPT PACKING pc=0x000001d90afeb976 sp=0x00000006e5efd1c0
Event: 18.997 Thread 0x000001d923036000 DEOPT UNPACKING pc=0x000001d9096ba95e sp=0x00000006e5efc6e0 mode 0
Event: 18.999 Thread 0x000001d923036000 DEOPT PACKING pc=0x000001d90afeb955 sp=0x00000006e5efd1c0
Event: 18.999 Thread 0x000001d923036000 DEOPT UNPACKING pc=0x000001d9096ba95e sp=0x00000006e5efc6e0 mode 0
Event: 19.037 Thread 0x000001d923036000 DEOPT PACKING pc=0x000001d90afeb955 sp=0x00000006e5efd1c0
Event: 19.038 Thread 0x000001d923036000 DEOPT UNPACKING pc=0x000001d9096ba95e sp=0x00000006e5efc6e0 mode 0
Event: 19.064 Thread 0x000001d923036000 DEOPT PACKING pc=0x000001d90afeb976 sp=0x00000006e5efd1a0
Event: 19.064 Thread 0x000001d923036000 DEOPT UNPACKING pc=0x000001d9096ba95e sp=0x00000006e5efc6c0 mode 0
Event: 19.069 Thread 0x000001d923036000 DEOPT PACKING pc=0x000001d90afeb955 sp=0x00000006e5efd1c0
Event: 19.069 Thread 0x000001d923036000 DEOPT UNPACKING pc=0x000001d9096ba95e sp=0x00000006e5efc6e0 mode 0
Event: 19.252 Thread 0x000001d923044800 Uncommon trap: trap_request=0xffffff4d fr.pc=0x000001d9112b3430 relative=0x00000000000010f0
Event: 19.252 Thread 0x000001d923044800 Uncommon trap: reason=unstable_if action=reinterpret pc=0x000001d9112b3430 method=java.util.WeakHashMap.remove(Ljava/lang/Object;)Ljava/lang/Object; @ 94 c2
Event: 19.252 Thread 0x000001d923044800 DEOPT PACKING pc=0x000001d9112b3430 sp=0x00000006e68fbcc0
Event: 19.252 Thread 0x000001d923044800 DEOPT UNPACKING pc=0x000001d9096ba1af sp=0x00000006e68fbb98 mode 2

Classes redefined (0 events):
No events

Internal exceptions (20 events):
Event: 18.705 Thread 0x000001d926317000 Exception <a 'java/lang/NoSuchMethodError'{0x000000008a1d1458}: <clinit>> (0x000000008a1d1458) thrown at [./src/hotspot/share/prims/jni.cpp, line 1365]
Event: 18.710 Thread 0x000001d926317000 Exception <a 'java/lang/NoSuchMethodError'{0x000000008a03c350}: <clinit>> (0x000000008a03c350) thrown at [./src/hotspot/share/prims/jni.cpp, line 1365]
Event: 18.711 Thread 0x000001d926317000 Exception <a 'java/lang/NoSuchMethodError'{0x000000008a04f058}: <clinit>> (0x000000008a04f058) thrown at [./src/hotspot/share/prims/jni.cpp, line 1365]
Event: 18.790 Thread 0x000001d92303d000 Exception <a 'java/lang/NoSuchMethodError'{0x0000000089b85ce0}: 'void java.lang.invoke.DirectMethodHandle$Holder.invokeStatic(java.lang.Object, long)'> (0x0000000089b85ce0) thrown at [./src/hotspot/share/interpreter/linkResolver.cpp, line 773]
Event: 18.791 Thread 0x000001d92303d000 Exception <a 'java/lang/NoSuchMethodError'{0x0000000089be94f0}: 'java.lang.Object java.lang.invoke.DirectMethodHandle$Holder.invokeStatic(java.lang.Object, long)'> (0x0000000089be94f0) thrown at [./src/hotspot/share/interpreter/linkResolver.cpp, line 773]
Event: 18.793 Thread 0x000001d92303d000 Exception <a 'java/lang/NoSuchMethodError'{0x0000000089a84610}: 'java.lang.Object java.lang.invoke.DirectMethodHandle$Holder.invokeStaticInit(java.lang.Object, java.lang.Object, long, java.lang.Object)'> (0x0000000089a84610) thrown at [./src/hotspot/share/interpreter/linkResolver.cpp, line 773]
Event: 18.794 Thread 0x000001d92303d000 Exception <a 'java/lang/NoSuchMethodError'{0x0000000089a9f598}: 'java.lang.Object java.lang.invoke.DirectMethodHandle$Holder.invokeStatic(java.lang.Object, java.lang.Object, long)'> (0x0000000089a9f598) thrown at [./src/hotspot/share/interpreter/linkResolver.cpp, line 773]
Event: 18.795 Thread 0x000001d92303d000 Exception <a 'java/lang/NoSuchMethodError'{0x0000000089aa5fb8}: 'java.lang.Object java.lang.invoke.Invokers$Holder.linkToTargetMethod(java.lang.Object, long, java.lang.Object)'> (0x0000000089aa5fb8) thrown at [./src/hotspot/share/interpreter/linkResolver.cpp, line 773]
Event: 18.811 Thread 0x000001d923036000 Exception <a 'java/lang/NoSuchMethodError'{0x000000008999bf20}: 'java.lang.Object java.lang.invoke.DirectMethodHandle$Holder.invokeStaticInit(java.lang.Object, java.lang.Object, java.lang.Object, java.lang.Object, java.lang.Object, java.lang.Object, java.lang.Object, java.lang.Object, java.lang.Object, java.lang.Object, java.lang.Object, java.lang.Object, java.lang.Object, java.lang.Object, java.lang.Object, java.lang.Object, java.lang.Object, java.lang.Object, int, java.lang.Object, java.lang.Object)'> (0
Event: 19.143 Thread 0x000001d928368000 Exception <a 'java/lang/IncompatibleClassChangeError'{0x000000008b4fbde0}: Found class java.lang.Object, but interface was expected> (0x000000008b4fbde0) thrown at [./src/hotspot/share/interpreter/linkResolver.cpp, line 839]
Event: 19.143 Thread 0x000001d928362800 Exception <a 'java/lang/IncompatibleClassChangeError'{0x000000008b4fde30}: Found class java.lang.Object, but interface was expected> (0x000000008b4fde30) thrown at [./src/hotspot/share/interpreter/linkResolver.cpp, line 839]
Event: 19.172 Thread 0x000001d92303f800 Exception <a 'java/lang/NoSuchMethodError'{0x000000008b109db0}: 'java.lang.Object java.lang.invoke.DirectMethodHandle$Holder.newInvokeSpecial(java.lang.Object, int)'> (0x000000008b109db0) thrown at [./src/hotspot/share/interpreter/linkResolver.cpp, line 773]
Event: 19.251 Thread 0x000001d928364800 Exception <a 'java/lang/IncompatibleClassChangeError'{0x000000008aea6d30}: Found class java.lang.Object, but interface was expected> (0x000000008aea6d30) thrown at [./src/hotspot/share/interpreter/linkResolver.cpp, line 839]
Event: 19.251 Thread 0x000001d92303f800 Exception <a 'java/lang/IncompatibleClassChangeError'{0x000000008aeb2858}: Found class java.lang.Object, but interface was expected> (0x000000008aeb2858) thrown at [./src/hotspot/share/interpreter/linkResolver.cpp, line 839]
Event: 19.253 Thread 0x000001d928365800 Exception <a 'java/lang/IncompatibleClassChangeError'{0x000000008aea09b8}: Found class java.lang.Object, but interface was expected> (0x000000008aea09b8) thrown at [./src/hotspot/share/interpreter/linkResolver.cpp, line 839]
Event: 19.253 Thread 0x000001d928362800 Exception <a 'java/lang/IncompatibleClassChangeError'{0x000000008aeb8ef8}: Found class java.lang.Object, but interface was expected> (0x000000008aeb8ef8) thrown at [./src/hotspot/share/interpreter/linkResolver.cpp, line 839]
Event: 19.253 Thread 0x000001d928367000 Exception <a 'java/lang/IncompatibleClassChangeError'{0x000000008b12fe48}: Found class java.lang.Object, but interface was expected> (0x000000008b12fe48) thrown at [./src/hotspot/share/interpreter/linkResolver.cpp, line 839]
Event: 19.253 Thread 0x000001d928364800 Exception <a 'java/lang/IncompatibleClassChangeError'{0x000000008aebcad8}: Found class java.lang.Object, but interface was expected> (0x000000008aebcad8) thrown at [./src/hotspot/share/interpreter/linkResolver.cpp, line 839]
Event: 19.254 Thread 0x000001d928366800 Exception <a 'java/lang/IncompatibleClassChangeError'{0x000000008aeb1230}: Found class java.lang.Object, but interface was expected> (0x000000008aeb1230) thrown at [./src/hotspot/share/interpreter/linkResolver.cpp, line 839]
Event: 19.302 Thread 0x000001d92303d000 Exception <a 'java/lang/NoSuchMethodError'{0x000000008ab08fa0}: 'int java.lang.invoke.DirectMethodHandle$Holder.invokeSpecialIFC(java.lang.Object, java.lang.Object, java.lang.Object)'> (0x000000008ab08fa0) thrown at [./src/hotspot/share/interpreter/linkResolver.cpp, line 773]

Events (20 events):
Event: 19.298 loading class com/android/tools/r8/graph/W0
Event: 19.298 loading class com/android/tools/r8/graph/W0 done
Event: 19.298 loading class com/google/common/collect/FluentIterable$3
Event: 19.298 loading class com/google/common/collect/FluentIterable$3 done
Event: 19.298 loading class com/android/tools/r8/graph/N2
Event: 19.298 loading class com/android/tools/r8/graph/N2 done
Event: 19.298 loading class com/google/common/base/Absent
Event: 19.298 loading class com/google/common/base/Absent done
Event: 19.298 loading class com/android/tools/r8/internal/XG
Event: 19.298 loading class com/android/tools/r8/internal/XG done
Event: 19.299 loading class com/android/tools/r8/internal/cH
Event: 19.299 loading class com/android/tools/r8/internal/cH done
Event: 19.299 loading class com/google/common/collect/AbstractIterator$State
Event: 19.299 loading class com/google/common/collect/AbstractIterator$State done
Event: 19.301 loading class com/google/common/collect/AbstractIterator$1
Event: 19.301 loading class com/google/common/collect/AbstractIterator$1 done
Event: 19.305 loading class com/android/tools/r8/internal/aB
Event: 19.305 loading class com/android/tools/r8/internal/aB done
Event: 19.383 loading class com/android/tools/r8/internal/Dj
Event: 19.383 loading class com/android/tools/r8/internal/Dj done


Dynamic libraries:
0x00007ff696a20000 - 0x00007ff696a2a000 	C:\Program Files\Android\Android Studio\jre\bin\java.exe
0x00007ffb210d0000 - 0x00007ffb212c8000 	C:\WINDOWS\SYSTEM32\ntdll.dll
0x00007ffb20940000 - 0x00007ffb209fd000 	C:\WINDOWS\System32\KERNEL32.DLL
0x00007ffb1ed00000 - 0x00007ffb1efce000 	C:\WINDOWS\System32\KERNELBASE.dll
0x00007ffb1ea50000 - 0x00007ffb1eb50000 	C:\WINDOWS\System32\ucrtbase.dll
0x00007ffb18ce0000 - 0x00007ffb18cf9000 	C:\Program Files\Android\Android Studio\jre\bin\jli.dll
0x00007ffb20520000 - 0x00007ffb206c0000 	C:\WINDOWS\System32\USER32.dll
0x00007ffb10f70000 - 0x00007ffb10f87000 	C:\Program Files\Android\Android Studio\jre\bin\VCRUNTIME140.dll
0x00007ffb1ea20000 - 0x00007ffb1ea42000 	C:\WINDOWS\System32\win32u.dll
0x00007ffb0f120000 - 0x00007ffb0f3ba000 	C:\WINDOWS\WinSxS\amd64_microsoft.windows.common-controls_6595b64144ccf1df_6.0.19041.1110_none_60b5254171f9507e\COMCTL32.dll
0x00007ffb20910000 - 0x00007ffb2093a000 	C:\WINDOWS\System32\GDI32.dll
0x00007ffb1ebf0000 - 0x00007ffb1ecfb000 	C:\WINDOWS\System32\gdi32full.dll
0x00007ffb20730000 - 0x00007ffb207ce000 	C:\WINDOWS\System32\msvcrt.dll
0x00007ffb1e7f0000 - 0x00007ffb1e88d000 	C:\WINDOWS\System32\msvcp_win.dll
0x00007ffb208e0000 - 0x00007ffb20910000 	C:\WINDOWS\System32\IMM32.DLL
0x00007ffacb980000 - 0x00007ffacba1d000 	C:\Program Files\Android\Android Studio\jre\bin\msvcp140.dll
0x00007ffaa9890000 - 0x00007ffaaa375000 	C:\Program Files\Android\Android Studio\jre\bin\server\jvm.dll
0x00007ffb20460000 - 0x00007ffb2050e000 	C:\WINDOWS\System32\ADVAPI32.dll
0x00007ffb20ff0000 - 0x00007ffb2108c000 	C:\WINDOWS\System32\sechost.dll
0x00007ffb1fda0000 - 0x00007ffb1fec5000 	C:\WINDOWS\System32\RPCRT4.dll
0x00007ffb1fed0000 - 0x00007ffb1fed8000 	C:\WINDOWS\System32\PSAPI.DLL
0x00007ffb19cc0000 - 0x00007ffb19ce7000 	C:\WINDOWS\SYSTEM32\WINMM.dll
0x00007ffb185e0000 - 0x00007ffb185ea000 	C:\WINDOWS\SYSTEM32\VERSION.dll
0x00007ffb084f0000 - 0x00007ffb084f9000 	C:\WINDOWS\SYSTEM32\WSOCK32.dll
0x00007ffb206c0000 - 0x00007ffb2072b000 	C:\WINDOWS\System32\ws2_32.DLL
0x00007ffb1c6f0000 - 0x00007ffb1c702000 	C:\WINDOWS\SYSTEM32\kernel.appcore.dll
0x00007ffb17190000 - 0x00007ffb171a1000 	C:\Program Files\Android\Android Studio\jre\bin\verify.dll
0x00007ffb19a60000 - 0x00007ffb19c44000 	C:\WINDOWS\SYSTEM32\DBGHELP.DLL
0x00007ffb16840000 - 0x00007ffb1686c000 	C:\WINDOWS\SYSTEM32\dbgcore.DLL
0x00007ffb1e8e0000 - 0x00007ffb1e962000 	C:\WINDOWS\System32\bcryptPrimitives.dll
0x00007ffb10ed0000 - 0x00007ffb10ef9000 	C:\Program Files\Android\Android Studio\jre\bin\java.dll
0x00007ffb18c10000 - 0x00007ffb18c1b000 	C:\Program Files\Android\Android Studio\jre\bin\jimage.dll
0x00007ffb11de0000 - 0x00007ffb11df8000 	C:\Program Files\Android\Android Studio\jre\bin\zip.dll
0x00007ffb1f5a0000 - 0x00007ffb1fce4000 	C:\WINDOWS\System32\SHELL32.dll
0x00007ffb1c8f0000 - 0x00007ffb1d084000 	C:\WINDOWS\SYSTEM32\windows.storage.dll
0x00007ffb20100000 - 0x00007ffb20454000 	C:\WINDOWS\System32\combase.dll
0x00007ffb1e250000 - 0x00007ffb1e280000 	C:\WINDOWS\SYSTEM32\Wldp.dll
0x00007ffb207d0000 - 0x00007ffb2087d000 	C:\WINDOWS\System32\SHCORE.dll
0x00007ffb20e10000 - 0x00007ffb20e65000 	C:\WINDOWS\System32\shlwapi.dll
0x00007ffb1e730000 - 0x00007ffb1e74f000 	C:\WINDOWS\SYSTEM32\profapi.dll
0x00007ffb10d60000 - 0x00007ffb10d7a000 	C:\Program Files\Android\Android Studio\jre\bin\net.dll
0x00007ffb132b0000 - 0x00007ffb133ba000 	C:\WINDOWS\SYSTEM32\WINHTTP.dll
0x00007ffb1dfb0000 - 0x00007ffb1e01a000 	C:\WINDOWS\system32\mswsock.dll
0x00007ffb0fc80000 - 0x00007ffb0fc94000 	C:\Program Files\Android\Android Studio\jre\bin\nio.dll
0x00007ffb10cd0000 - 0x00007ffb10cf7000 	C:\Users\karlieswift\.gradle\native\e1d6ef7f7dcc3fd88c89a11ec53ec762bb8ba0a96d01ffa2cd45eb1d1d8dd5c5\windows-amd64\native-platform.dll
0x00007ffaba060000 - 0x00007ffaba1a4000 	C:\Users\karlieswift\.gradle\native\5664cfc778a61ccfe75a443a1ab52a65af34e5dc3c78e0209fed803814484fcb\windows-amd64\native-platform-file-events.dll
0x00007ffb18370000 - 0x00007ffb1837a000 	C:\Program Files\Android\Android Studio\jre\bin\management.dll
0x00007ffb18360000 - 0x00007ffb1836d000 	C:\Program Files\Android\Android Studio\jre\bin\management_ext.dll
0x00007ffb1e1b0000 - 0x00007ffb1e1c8000 	C:\WINDOWS\SYSTEM32\CRYPTSP.dll
0x00007ffb1d8c0000 - 0x00007ffb1d8f4000 	C:\WINDOWS\system32\rsaenh.dll
0x00007ffb1ebc0000 - 0x00007ffb1ebe7000 	C:\WINDOWS\System32\bcrypt.dll
0x00007ffb1e6f0000 - 0x00007ffb1e71e000 	C:\WINDOWS\SYSTEM32\USERENV.dll
0x00007ffb1e1a0000 - 0x00007ffb1e1ac000 	C:\WINDOWS\SYSTEM32\CRYPTBASE.dll
0x00007ffb1dc50000 - 0x00007ffb1dc8b000 	C:\WINDOWS\SYSTEM32\IPHLPAPI.DLL
0x00007ffb20510000 - 0x00007ffb20518000 	C:\WINDOWS\System32\NSI.dll
0x00007ffb15fe0000 - 0x00007ffb15ff7000 	C:\WINDOWS\SYSTEM32\dhcpcsvc6.DLL
0x00007ffb16340000 - 0x00007ffb1635d000 	C:\WINDOWS\SYSTEM32\dhcpcsvc.DLL
0x00007ffb1dc90000 - 0x00007ffb1dd5a000 	C:\WINDOWS\SYSTEM32\DNSAPI.dll

dbghelp: loaded successfully - version: 4.0.5 - missing functions: none
symbol engine: initialized successfully - sym options: 0x614 - pdb path: .;C:\Program Files\Android\Android Studio\jre\bin;C:\WINDOWS\SYSTEM32;C:\WINDOWS\WinSxS\amd64_microsoft.windows.common-controls_6595b64144ccf1df_6.0.19041.1110_none_60b5254171f9507e;C:\Program Files\Android\Android Studio\jre\bin\server;C:\Users\karlieswift\.gradle\native\e1d6ef7f7dcc3fd88c89a11ec53ec762bb8ba0a96d01ffa2cd45eb1d1d8dd5c5\windows-amd64;C:\Users\karlieswift\.gradle\native\5664cfc778a61ccfe75a443a1ab52a65af34e5dc3c78e0209fed803814484fcb\windows-amd64

VM Arguments:
jvm_args: --add-opens=java.base/java.util=ALL-UNNAMED --add-opens=java.base/java.lang=ALL-UNNAMED --add-opens=java.base/java.lang.invoke=ALL-UNNAMED --add-opens=java.base/java.util=ALL-UNNAMED --add-opens=java.prefs/java.util.prefs=ALL-UNNAMED --add-opens=java.prefs/java.util.prefs=ALL-UNNAMED --add-opens=java.base/java.nio.charset=ALL-UNNAMED --add-opens=java.base/java.net=ALL-UNNAMED --add-opens=java.base/java.util.concurrent.atomic=ALL-UNNAMED -Xmx2048m -Dfile.encoding=UTF-8 -Duser.country=CN -Duser.language=zh -Duser.variant 
java_command: org.gradle.launcher.daemon.bootstrap.GradleDaemon 7.3.3
java_class_path (initial): C:\Users\karlieswift\.gradle\wrapper\dists\gradle-7.3.3-bin\6a41zxkdtcxs8rphpq6y0069z\gradle-7.3.3\lib\gradle-launcher-7.3.3.jar
Launcher Type: SUN_STANDARD

[Global flags]
     intx CICompilerCount                          = 4                                         {product} {ergonomic}
     uint ConcGCThreads                            = 2                                         {product} {ergonomic}
     uint G1ConcRefinementThreads                  = 8                                         {product} {ergonomic}
   size_t G1HeapRegionSize                         = 1048576                                   {product} {ergonomic}
    uintx GCDrainStackTargetSize                   = 64                                        {product} {ergonomic}
   size_t InitialHeapSize                          = 132120576                                 {product} {ergonomic}
   size_t MarkStackSize                            = 4194304                                   {product} {ergonomic}
   size_t MaxHeapSize                              = 2147483648                                {product} {command line}
   size_t MaxNewSize                               = 1287651328                                {product} {ergonomic}
   size_t MinHeapDeltaBytes                        = 1048576                                   {product} {ergonomic}
    uintx NonNMethodCodeHeapSize                   = 5836300                                {pd product} {ergonomic}
    uintx NonProfiledCodeHeapSize                  = 122910970                              {pd product} {ergonomic}
    uintx ProfiledCodeHeapSize                     = 122910970                              {pd product} {ergonomic}
    uintx ReservedCodeCacheSize                    = 251658240                              {pd product} {ergonomic}
     bool SegmentedCodeCache                       = true                                      {product} {ergonomic}
     bool UseCompressedClassPointers               = true                                 {lp64_product} {ergonomic}
     bool UseCompressedOops                        = true                                 {lp64_product} {ergonomic}
     bool UseG1GC                                  = true                                      {product} {ergonomic}
     bool UseLargePagesIndividualAllocation        = false                                  {pd product} {ergonomic}

Logging:
Log output configuration:
 #0: stdout all=warning uptime,level,tags
 #1: stderr all=off uptime,level,tags

Environment Variables:
PATH=C:\ProgramData\Oracle\Java\javapath;C:\Windows\system32;C:\Windows;C:\Windows\System32\Wbem;C:\Windows\System32\WindowsPowerShell\v1.0\;C:\Windows\System32\OpenSSH\;C:\Program Files (x86)\NVIDIA Corporation\PhysX\Common;C:\WINDOWS\system32;C:\WINDOWS;C:\WINDOWS\System32\Wbem;C:\WINDOWS\System32\WindowsPowerShell\v1.0\;C:\WINDOWS\System32\OpenSSH\;C:\Program Files\Intel\WiFi\bin\;C:\Program Files\Common Files\Intel\WirelessCommon\;C:\Program Files\Java\jdk1.8.0_141\bin;C:\Program Files\Java\jdk1.8.0_141\jre\bin;C:\Program Files\NVIDIA Corporation\NVIDIA NvDLISR;%JAVA_HOME%\bin;%JAVA_HOME%\jre\bin;C:\Program Files\MySQL\MySQL Server 8.0\bin;D:\Install\apache-maven-3.6.3\bin;D:\Linux\hadoop-3.1.0\bin;D:\Install\ideaIU-2019.2.3.win\scala-2.12.11\bin;D:\Install\MinGW\bin;C:\Program Files\OpenSSL-Win64\bin;D:\matlab7.0\bin\win32;C:\WINDOWS\system32;C:\WINDOWS;C:\WINDOWS\System32\Wbem;C:\WINDOWS\System32\WindowsPowerShell\v1.0\;C:\WINDOWS\System32\OpenSSH\;D:\Install\ffmpeg-N-102494-g2899fb61d2-win64-gpl\bin;C:\Program Files\NVIDIA GPU Computing Toolkit\CUDA\v10.1;C:\Program Files\NVIDIA GPU Computing Toolkit\CUDA\v10.1\bin;C:\Program Files\NVIDIA GPU Computing Toolkit\CUDA\v10.1\lib\x64;C:\Program Files\NVIDIA GPU Computing Toolkit\CUDA\v10.1\libnvvp;C:\Program Files\Graphviz\bin;C:\Users\karlieswift\AppData\Local\Android\Sdk\platform-tools;C:\Program Files\MySQL\MySQL Server 8.0\bin;C:\Users\karlieswift\Anaconda3;C:\Users\karlieswift\Anaconda3\Library\mingw-w64\bin;C:\Users\karlieswift\Anaconda3\Library\usr\bin;C:\Users\karlieswift\Anaconda3\Library\bin;C:\Users\karlieswift\Anaconda3\Scripts;C:\Users\karlieswift\AppData\Local\Microsoft\WindowsApps;;D:\Install\IntelliJ IDEA 201.6251.22\bin;;D:\Install\IntelliJ IDEA Community Edition 2020.1.1\bin;;D:\Install\pycharm2021\PyCharm Community Edition 2021.1\bin;;D:\Install\pycharm2020\PyCharm 2020.1.1\bin;;D:\Install\Clion_2020.3.3\CLion 2020.3.3\bin;
USERNAME=karlieswift
OS=Windows_NT
PROCESSOR_IDENTIFIER=Intel64 Family 6 Model 142 Stepping 11, GenuineIntel



---------------  S Y S T E M  ---------------

OS: Windows 10 , 64 bit Build 19041 (10.0.19041.1889)
OS uptime: 7 days 20:18 hours

CPU:total 8 (initial active 8) (4 cores per cpu, 2 threads per core) family 6 model 142 stepping 11 microcode 0xde, cmov, cx8, fxsr, mmx, sse, sse2, sse3, ssse3, sse4.1, sse4.2, popcnt, avx, avx2, aes, clmul, erms, 3dnowpref, lzcnt, ht, tsc, tscinvbit, bmi1, bmi2, adx, fma

Memory: 4k page, system-wide physical 8037M (322M free)
TotalPageFile size 16499M (AvailPageFile size 0M)
current process WorkingSet (physical memory assigned to process): 435M, peak: 435M
current process commit charge ("private bytes"): 490M, peak: 490M

vm_info: OpenJDK 64-Bit Server VM (11.0.12+7-b1504.28-7817840) for windows-amd64 JRE (11.0.12+7-b1504.28-7817840), built on Oct 13 2021 22:12:33 by "builder" with MS VC++ 14.0 (VS2015)

END.
